mode: atomic
course-go-avito-Orurh/internal/app/container.go:28.67,30.2 1 0
course-go-avito-Orurh/internal/app/container.go:40.46,43.47 1 0
course-go-avito-Orurh/internal/app/container.go:43.47,43.84 1 0
course-go-avito-Orurh/internal/app/container.go:50.21,51.15 1 0
course-go-avito-Orurh/internal/app/container.go:51.15,53.3 1 0
course-go-avito-Orurh/internal/app/container.go:54.2,54.10 1 0
course-go-avito-Orurh/internal/app/container.go:58.85,59.15 1 0
course-go-avito-Orurh/internal/app/container.go:59.15,61.3 1 0
course-go-avito-Orurh/internal/app/container.go:62.2,62.10 1 0
course-go-avito-Orurh/internal/app/container.go:66.74,68.16 2 0
course-go-avito-Orurh/internal/app/container.go:68.16,70.3 1 0
course-go-avito-Orurh/internal/app/container.go:71.2,71.18 1 0
course-go-avito-Orurh/internal/app/container.go:75.79,78.53 2 0
course-go-avito-Orurh/internal/app/container.go:78.53,80.3 1 0
course-go-avito-Orurh/internal/app/container.go:81.2,81.59 1 0
course-go-avito-Orurh/internal/app/container.go:81.59,83.3 1 0
course-go-avito-Orurh/internal/app/container.go:84.2,84.58 1 0
course-go-avito-Orurh/internal/app/container.go:84.58,86.3 1 0
course-go-avito-Orurh/internal/app/container.go:87.2,87.48 1 0
course-go-avito-Orurh/internal/app/container.go:87.48,89.3 1 0
course-go-avito-Orurh/internal/app/container.go:90.2,90.23 1 0
course-go-avito-Orurh/internal/app/container.go:93.80,95.16 2 0
course-go-avito-Orurh/internal/app/container.go:95.16,97.3 1 0
course-go-avito-Orurh/internal/app/container.go:98.2,98.18 1 0
course-go-avito-Orurh/internal/app/container.go:101.85,104.53 2 0
course-go-avito-Orurh/internal/app/container.go:104.53,106.3 1 0
course-go-avito-Orurh/internal/app/container.go:107.2,107.59 1 0
course-go-avito-Orurh/internal/app/container.go:107.59,109.3 1 0
course-go-avito-Orurh/internal/app/container.go:110.2,110.58 1 0
course-go-avito-Orurh/internal/app/container.go:110.58,112.3 1 0
course-go-avito-Orurh/internal/app/container.go:113.2,113.50 1 0
course-go-avito-Orurh/internal/app/container.go:113.50,115.3 1 0
course-go-avito-Orurh/internal/app/container.go:116.2,116.23 1 0
course-go-avito-Orurh/internal/app/container.go:120.61,122.2 1 0
course-go-avito-Orurh/internal/app/container.go:124.67,125.37 1 0
course-go-avito-Orurh/internal/app/container.go:125.37,126.53 1 0
course-go-avito-Orurh/internal/app/container.go:126.53,128.4 1 0
course-go-avito-Orurh/internal/app/container.go:130.2,130.12 1 0
course-go-avito-Orurh/internal/app/container.go:133.72,135.26 1 0
course-go-avito-Orurh/internal/app/container.go:135.26,135.40 1 0
course-go-avito-Orurh/internal/app/container.go:138.48,140.4 1 0
course-go-avito-Orurh/internal/app/container.go:147.9,148.105 1 0
course-go-avito-Orurh/internal/app/container.go:148.105,150.3 1 0
course-go-avito-Orurh/internal/app/container.go:151.2,151.42 1 0
course-go-avito-Orurh/internal/app/container.go:154.61,159.24 1 0
course-go-avito-Orurh/internal/app/container.go:159.24,159.50 1 0
course-go-avito-Orurh/internal/app/container.go:160.78,162.4 1 0
course-go-avito-Orurh/internal/app/container.go:169.23,171.4 1 0
course-go-avito-Orurh/internal/app/container.go:175.53,181.93 1 0
course-go-avito-Orurh/internal/app/container.go:181.93,183.18 2 0
course-go-avito-Orurh/internal/app/container.go:183.18,185.5 1 0
course-go-avito-Orurh/internal/app/container.go:186.4,186.16 1 0
course-go-avito-Orurh/internal/app/container.go:186.16,188.5 1 0
course-go-avito-Orurh/internal/app/container.go:189.4,189.17 1 0
course-go-avito-Orurh/internal/app/container.go:194.51,195.76 1 0
course-go-avito-Orurh/internal/app/container.go:195.76,204.3 1 0
course-go-avito-Orurh/internal/app/container.go:205.2,213.3 1 0
course-go-avito-Orurh/internal/app/container.go:218.117,220.16 2 0
course-go-avito-Orurh/internal/app/container.go:220.16,222.3 1 0
course-go-avito-Orurh/internal/app/container.go:223.2,224.16 2 0
course-go-avito-Orurh/internal/app/container.go:224.16,226.3 1 0
course-go-avito-Orurh/internal/app/container.go:227.2,229.26 3 0
course-go-avito-Orurh/internal/app/container.go:229.26,229.49 1 0
course-go-avito-Orurh/internal/app/helpers.go:16.135,19.32 3 0
course-go-avito-Orurh/internal/app/helpers.go:19.32,23.17 4 0
course-go-avito-Orurh/internal/app/helpers.go:23.17,26.4 2 0
course-go-avito-Orurh/internal/app/helpers.go:27.3,29.18 3 0
course-go-avito-Orurh/internal/app/helpers.go:29.18,30.11 1 0
course-go-avito-Orurh/internal/app/helpers.go:31.22,32.26 1 0
course-go-avito-Orurh/internal/app/helpers.go:33.29,33.29 0 0
course-go-avito-Orurh/internal/app/helpers.go:37.2,37.85 1 0
course-go-avito-Orurh/internal/app/kafka_orders.go:12.86,13.61 1 0
course-go-avito-Orurh/internal/app/kafka_orders.go:13.61,14.16 1 0
course-go-avito-Orurh/internal/app/kafka_orders.go:14.16,16.4 1 0
course-go-avito-Orurh/internal/app/kafka_orders.go:18.3,22.17 4 0
course-go-avito-Orurh/internal/app/kafka_orders.go:22.17,24.4 1 0
course-go-avito-Orurh/internal/app/kafka_orders.go:26.3,26.17 1 0
course-go-avito-Orurh/internal/app/kafka_orders.go:26.17,28.4 1 0
course-go-avito-Orurh/internal/app/kafka_orders.go:30.3,32.30 3 0
course-go-avito-Orurh/internal/app/logger.go:10.30,15.2 2 0
course-go-avito-Orurh/internal/app/runner.go:26.26,28.2 1 0
course-go-avito-Orurh/internal/app/runner.go:31.52,33.16 2 0
course-go-avito-Orurh/internal/app/runner.go:33.16,35.3 1 0
course-go-avito-Orurh/internal/app/runner.go:36.2,36.22 1 0
course-go-avito-Orurh/internal/app/runner.go:36.22,38.3 1 0
course-go-avito-Orurh/internal/app/runner.go:39.2,39.54 1 0
course-go-avito-Orurh/internal/app/runner.go:39.54,40.10 1 0
course-go-avito-Orurh/internal/app/runner.go:41.41,42.46 1 0
course-go-avito-Orurh/internal/app/runner.go:43.49,44.60 1 0
course-go-avito-Orurh/internal/app/runner.go:45.11,46.51 1 0
course-go-avito-Orurh/internal/app/runner.go:49.2,49.19 1 0
course-go-avito-Orurh/internal/app/runner.go:49.19,51.3 1 0
course-go-avito-Orurh/internal/app/runner.go:54.42,56.2 1 0
course-go-avito-Orurh/internal/app/runner.go:71.30,79.2 7 0
course-go-avito-Orurh/internal/app/runner.go:81.127,82.12 1 0
course-go-avito-Orurh/internal/app/runner.go:82.12,85.7 3 0
course-go-avito-Orurh/internal/app/runner.go:85.7,86.11 1 0
course-go-avito-Orurh/internal/app/runner.go:87.22,88.11 1 0
course-go-avito-Orurh/internal/app/runner.go:89.20,90.63 1 0
course-go-avito-Orurh/internal/app/runner.go:90.63,92.6 1 0
course-go-avito-Orurh/internal/app/runner.go:98.72,100.12 2 0
course-go-avito-Orurh/internal/app/runner.go:100.12,103.58 3 0
course-go-avito-Orurh/internal/app/runner.go:103.58,106.4 2 0
course-go-avito-Orurh/internal/app/runner.go:107.3,107.12 1 0
course-go-avito-Orurh/internal/app/runner.go:109.2,109.11 1 0
course-go-avito-Orurh/internal/app/runner.go:112.95,113.9 1 0
course-go-avito-Orurh/internal/app/runner.go:114.20,115.19 1 0
course-go-avito-Orurh/internal/app/runner.go:116.28,117.17 1 0
course-go-avito-Orurh/internal/app/runner.go:117.17,119.4 1 0
course-go-avito-Orurh/internal/app/runner.go:120.3,120.13 1 0
course-go-avito-Orurh/internal/app/runner.go:124.84,127.50 3 0
course-go-avito-Orurh/internal/app/runner.go:127.50,129.3 1 0
course-go-avito-Orurh/internal/app/runner.go:132.113,133.19 1 0
course-go-avito-Orurh/internal/app/runner.go:133.19,134.81 1 0
course-go-avito-Orurh/internal/app/runner.go:134.81,136.4 1 0
course-go-avito-Orurh/internal/app/runner.go:138.2,138.25 1 0
course-go-avito-Orurh/internal/app/runner.go:138.25,139.40 1 0
course-go-avito-Orurh/internal/app/runner.go:139.40,141.4 1 0
course-go-avito-Orurh/internal/app/runner.go:143.2,143.17 1 0
course-go-avito-Orurh/internal/app/runner.go:143.17,145.3 1 0
course-go-avito-Orurh/internal/app/worker_runner.go:19.38,21.2 1 0
course-go-avito-Orurh/internal/app/worker_runner.go:23.58,25.52 2 0
course-go-avito-Orurh/internal/app/worker_runner.go:25.52,27.3 1 0
course-go-avito-Orurh/internal/app/worker_runner.go:28.2,28.12 1 0
course-go-avito-Orurh/internal/app/worker_runner.go:31.48,33.2 1 0
course-go-avito-Orurh/internal/app/worker_runner.go:41.9,42.21 1 0
course-go-avito-Orurh/internal/app/worker_runner.go:42.21,44.3 1 0
course-go-avito-Orurh/internal/app/worker_runner.go:45.2,48.26 3 0
course-go-avito-Orurh/internal/app/worker_runner.go:51.120,52.26 1 0
course-go-avito-Orurh/internal/app/worker_runner.go:52.26,53.47 1 0
course-go-avito-Orurh/internal/app/worker_runner.go:53.47,55.4 1 0
course-go-avito-Orurh/internal/app/worker_runner.go:57.2,57.25 1 0
course-go-avito-Orurh/internal/app/worker_runner.go:57.25,58.40 1 0
course-go-avito-Orurh/internal/app/worker_runner.go:58.40,60.4 1 0
course-go-avito-Orurh/internal/app/worker_runner.go:62.2,62.17 1 0
course-go-avito-Orurh/internal/app/worker_runner.go:62.17,64.3 1 0
course-go-avito-Orurh/internal/config/config.go:50.26,53.2 1 0
course-go-avito-Orurh/internal/config/config.go:56.43,57.53 1 0
course-go-avito-Orurh/internal/config/config.go:57.53,59.3 1 0
course-go-avito-Orurh/internal/config/config.go:60.2,60.12 1 0
course-go-avito-Orurh/internal/config/config.go:64.30,68.81 3 0
course-go-avito-Orurh/internal/config/config.go:68.81,70.3 1 0
course-go-avito-Orurh/internal/config/config.go:72.2,73.37 2 0
course-go-avito-Orurh/internal/config/config.go:73.37,74.44 1 0
course-go-avito-Orurh/internal/config/config.go:74.44,76.4 1 0
course-go-avito-Orurh/internal/config/config.go:79.2,79.45 1 0
course-go-avito-Orurh/internal/config/config.go:79.45,81.3 1 0
course-go-avito-Orurh/internal/config/config.go:83.2,83.33 1 0
course-go-avito-Orurh/internal/config/config.go:83.33,84.62 1 0
course-go-avito-Orurh/internal/config/config.go:84.62,86.4 1 0
course-go-avito-Orurh/internal/config/config.go:89.2,89.31 1 0
course-go-avito-Orurh/internal/config/config.go:89.31,91.3 1 0
course-go-avito-Orurh/internal/config/config.go:93.2,100.49 2 0
course-go-avito-Orurh/internal/config/config.go:100.49,102.3 1 0
course-go-avito-Orurh/internal/config/config.go:104.2,106.16 3 0
course-go-avito-Orurh/internal/config/config.go:106.16,108.3 1 0
course-go-avito-Orurh/internal/config/config.go:110.2,117.16 4 0
course-go-avito-Orurh/internal/config/config.go:117.16,119.3 1 0
course-go-avito-Orurh/internal/config/config.go:121.2,121.106 1 0
course-go-avito-Orurh/internal/config/config.go:124.33,128.24 4 0
course-go-avito-Orurh/internal/config/config.go:128.24,130.14 2 0
course-go-avito-Orurh/internal/config/config.go:130.14,132.4 1 0
course-go-avito-Orurh/internal/config/config.go:134.2,134.23 1 0
course-go-avito-Orurh/internal/config/config.go:134.23,136.3 1 0
course-go-avito-Orurh/internal/config/config.go:138.2,143.21 2 0
course-go-avito-Orurh/internal/config/config.go:143.21,145.3 1 0
course-go-avito-Orurh/internal/config/config.go:146.2,146.23 1 0
course-go-avito-Orurh/internal/config/config.go:146.23,148.3 1 0
course-go-avito-Orurh/internal/config/config.go:149.2,149.17 1 0
course-go-avito-Orurh/internal/domain/status.go:29.37,30.36 1 0
course-go-avito-Orurh/internal/domain/status.go:30.36,31.13 1 0
course-go-avito-Orurh/internal/domain/status.go:31.13,33.4 1 0
course-go-avito-Orurh/internal/domain/status.go:35.2,35.14 1 0
course-go-avito-Orurh/internal/domain/status.go:39.44,40.42 1 0
course-go-avito-Orurh/internal/domain/status.go:40.42,41.13 1 0
course-go-avito-Orurh/internal/domain/status.go:41.13,43.4 1 0
course-go-avito-Orurh/internal/domain/status.go:45.2,45.14 1 0
course-go-avito-Orurh/internal/domain/status.go:51.35,53.2 1 0
course-go-avito-Orurh/internal/gateway/orders/order.go:26.74,27.19 1 7
course-go-avito-Orurh/internal/gateway/orders/order.go:27.19,29.3 1 1
course-go-avito-Orurh/internal/gateway/orders/order.go:30.2,30.37 1 6
course-go-avito-Orurh/internal/gateway/orders/order.go:33.48,35.39 2 4
course-go-avito-Orurh/internal/gateway/orders/order.go:35.39,37.3 1 2
course-go-avito-Orurh/internal/gateway/orders/order.go:38.2,42.3 1 4
course-go-avito-Orurh/internal/gateway/orders/order.go:46.79,48.16 2 4
course-go-avito-Orurh/internal/gateway/orders/order.go:48.16,50.3 1 1
course-go-avito-Orurh/internal/gateway/orders/order.go:51.2,51.23 1 3
course-go-avito-Orurh/internal/gateway/orders/order.go:51.23,53.3 1 1
course-go-avito-Orurh/internal/gateway/orders/order.go:54.2,55.18 2 2
course-go-avito-Orurh/internal/gateway/orders/order.go:59.86,64.16 3 2
course-go-avito-Orurh/internal/gateway/orders/order.go:64.16,66.3 1 1
course-go-avito-Orurh/internal/gateway/orders/order.go:67.2,68.37 2 1
course-go-avito-Orurh/internal/gateway/orders/order.go:68.37,69.15 1 3
course-go-avito-Orurh/internal/gateway/orders/order.go:69.15,70.12 1 1
course-go-avito-Orurh/internal/gateway/orders/order.go:72.3,72.44 1 2
course-go-avito-Orurh/internal/gateway/orders/order.go:75.2,75.20 1 1
course-go-avito-Orurh/internal/http/handlers/contracts.go:20.65,22.2 1 0
course-go-avito-Orurh/internal/http/handlers/contracts.go:30.64,32.2 1 0
course-go-avito-Orurh/internal/http/handlers/courier.go:19.79,21.2 1 0
course-go-avito-Orurh/internal/http/handlers/courier.go:24.74,26.16 2 0
course-go-avito-Orurh/internal/http/handlers/courier.go:26.16,29.3 2 0
course-go-avito-Orurh/internal/http/handlers/courier.go:31.2,32.9 2 0
course-go-avito-Orurh/internal/http/handlers/courier.go:33.18,34.64 1 0
course-go-avito-Orurh/internal/http/handlers/courier.go:35.42,36.63 1 0
course-go-avito-Orurh/internal/http/handlers/courier.go:37.10,38.79 1 0
course-go-avito-Orurh/internal/http/handlers/courier.go:43.71,46.34 3 0
course-go-avito-Orurh/internal/http/handlers/courier.go:46.34,48.26 2 0
course-go-avito-Orurh/internal/http/handlers/courier.go:48.26,51.4 2 0
course-go-avito-Orurh/internal/http/handlers/courier.go:52.3,52.16 1 0
course-go-avito-Orurh/internal/http/handlers/courier.go:54.2,54.35 1 0
course-go-avito-Orurh/internal/http/handlers/courier.go:54.35,56.26 2 0
course-go-avito-Orurh/internal/http/handlers/courier.go:56.26,59.4 2 0
course-go-avito-Orurh/internal/http/handlers/courier.go:60.3,60.17 1 0
course-go-avito-Orurh/internal/http/handlers/courier.go:63.2,64.16 2 0
course-go-avito-Orurh/internal/http/handlers/courier.go:64.16,67.3 2 0
course-go-avito-Orurh/internal/http/handlers/courier.go:68.2,68.66 1 0
course-go-avito-Orurh/internal/http/handlers/courier.go:72.73,74.49 2 0
course-go-avito-Orurh/internal/http/handlers/courier.go:74.49,76.3 1 0
course-go-avito-Orurh/internal/http/handlers/courier.go:77.2,78.9 2 0
course-go-avito-Orurh/internal/http/handlers/courier.go:79.18,81.74 2 0
course-go-avito-Orurh/internal/http/handlers/courier.go:82.41,83.69 1 0
course-go-avito-Orurh/internal/http/handlers/courier.go:84.42,85.74 1 0
course-go-avito-Orurh/internal/http/handlers/courier.go:86.10,87.79 1 0
course-go-avito-Orurh/internal/http/handlers/courier.go:92.73,94.49 2 0
course-go-avito-Orurh/internal/http/handlers/courier.go:94.49,96.3 1 0
course-go-avito-Orurh/internal/http/handlers/courier.go:97.2,98.9 2 0
course-go-avito-Orurh/internal/http/handlers/courier.go:99.18,100.78 1 0
course-go-avito-Orurh/internal/http/handlers/courier.go:101.41,102.69 1 0
course-go-avito-Orurh/internal/http/handlers/courier.go:103.42,104.74 1 0
course-go-avito-Orurh/internal/http/handlers/courier.go:105.42,106.63 1 0
course-go-avito-Orurh/internal/http/handlers/courier.go:107.10,108.79 1 0
course-go-avito-Orurh/internal/http/handlers/courier_convert.go:5.59,12.2 1 0
course-go-avito-Orurh/internal/http/handlers/courier_convert.go:14.71,22.2 1 0
course-go-avito-Orurh/internal/http/handlers/courier_convert.go:24.51,32.2 1 0
course-go-avito-Orurh/internal/http/handlers/courier_convert.go:34.59,36.25 2 0
course-go-avito-Orurh/internal/http/handlers/courier_convert.go:36.25,38.3 1 0
course-go-avito-Orurh/internal/http/handlers/courier_convert.go:39.2,39.12 1 0
course-go-avito-Orurh/internal/http/handlers/delivery.go:18.82,20.2 1 0
course-go-avito-Orurh/internal/http/handlers/delivery.go:23.74,25.49 2 0
course-go-avito-Orurh/internal/http/handlers/delivery.go:25.49,27.3 1 0
course-go-avito-Orurh/internal/http/handlers/delivery.go:29.2,30.9 2 0
course-go-avito-Orurh/internal/http/handlers/delivery.go:31.18,32.72 1 0
course-go-avito-Orurh/internal/http/handlers/delivery.go:33.41,34.69 1 0
course-go-avito-Orurh/internal/http/handlers/delivery.go:35.42,36.75 1 0
course-go-avito-Orurh/internal/http/handlers/delivery.go:37.10,38.79 1 0
course-go-avito-Orurh/internal/http/handlers/delivery.go:43.76,45.49 2 0
course-go-avito-Orurh/internal/http/handlers/delivery.go:45.49,47.3 1 0
course-go-avito-Orurh/internal/http/handlers/delivery.go:49.2,50.9 2 0
course-go-avito-Orurh/internal/http/handlers/delivery.go:51.18,52.74 1 0
course-go-avito-Orurh/internal/http/handlers/delivery.go:53.41,54.69 1 0
course-go-avito-Orurh/internal/http/handlers/delivery.go:55.42,56.72 1 0
course-go-avito-Orurh/internal/http/handlers/delivery.go:57.10,58.79 1 0
course-go-avito-Orurh/internal/http/handlers/delivery_convert.go:5.80,12.2 1 0
course-go-avito-Orurh/internal/http/handlers/delivery_convert.go:14.86,20.2 1 0
course-go-avito-Orurh/internal/http/handlers/handlers.go:15.40,17.2 1 0
course-go-avito-Orurh/internal/http/handlers/handlers.go:20.65,22.2 1 0
course-go-avito-Orurh/internal/http/handlers/handlers.go:25.76,27.2 1 0
course-go-avito-Orurh/internal/http/handlers/handlers.go:30.69,32.2 1 0
course-go-avito-Orurh/internal/http/handlers/helpers.go:17.40,18.46 1 0
course-go-avito-Orurh/internal/http/handlers/helpers.go:18.46,20.3 1 0
course-go-avito-Orurh/internal/http/handlers/helpers.go:21.2,21.12 1 0
course-go-avito-Orurh/internal/http/handlers/helpers.go:25.49,27.2 1 0
course-go-avito-Orurh/internal/http/handlers/helpers.go:29.95,36.38 6 0
course-go-avito-Orurh/internal/http/handlers/helpers.go:36.38,38.3 1 0
course-go-avito-Orurh/internal/http/handlers/helpers.go:45.101,49.2 3 0
course-go-avito-Orurh/internal/http/handlers/helpers.go:55.97,60.40 5 0
course-go-avito-Orurh/internal/http/handlers/helpers.go:60.40,63.27 2 0
course-go-avito-Orurh/internal/http/handlers/helpers.go:63.27,68.4 3 0
course-go-avito-Orurh/internal/http/handlers/helpers.go:70.3,75.15 3 0
course-go-avito-Orurh/internal/http/handlers/helpers.go:77.2,77.53 1 0
course-go-avito-Orurh/internal/http/handlers/helpers.go:77.53,81.3 3 0
course-go-avito-Orurh/internal/http/handlers/helpers.go:82.2,82.13 1 0
course-go-avito-Orurh/internal/http/handlers/helpers.go:85.61,88.27 3 0
course-go-avito-Orurh/internal/http/handlers/helpers.go:88.27,90.3 1 0
course-go-avito-Orurh/internal/http/handlers/helpers.go:91.2,91.16 1 0
course-go-avito-Orurh/internal/http/middleware/observability.go:34.13,36.2 1 0
course-go-avito-Orurh/internal/http/middleware/observability.go:39.72,40.46 1 0
course-go-avito-Orurh/internal/http/middleware/observability.go:40.46,41.72 1 0
course-go-avito-Orurh/internal/http/middleware/observability.go:41.72,58.4 9 0
course-go-avito-Orurh/internal/http/middleware/observability.go:62.42,64.15 2 0
course-go-avito-Orurh/internal/http/middleware/observability.go:64.15,65.38 1 0
course-go-avito-Orurh/internal/http/middleware/observability.go:65.38,67.4 1 0
course-go-avito-Orurh/internal/http/middleware/observability.go:69.2,69.19 1 0
course-go-avito-Orurh/internal/http/router/router.go:16.115,39.2 17 0
course-go-avito-Orurh/internal/logx/adapter.go:9.44,11.2 1 0
course-go-avito-Orurh/internal/logx/adapter.go:13.58,13.99 1 0
course-go-avito-Orurh/internal/logx/adapter.go:14.58,14.98 1 0
course-go-avito-Orurh/internal/logx/adapter.go:15.58,15.98 1 0
course-go-avito-Orurh/internal/logx/adapter.go:16.58,16.99 1 0
course-go-avito-Orurh/internal/logx/adapter.go:18.52,20.2 1 0
course-go-avito-Orurh/internal/logx/adapter.go:22.36,22.50 1 0
course-go-avito-Orurh/internal/logx/adapter.go:24.39,26.27 2 0
course-go-avito-Orurh/internal/logx/adapter.go:26.27,28.3 1 0
course-go-avito-Orurh/internal/logx/adapter.go:29.2,29.13 1 0
course-go-avito-Orurh/internal/logx/contracts.go:19.39,21.2 1 0
course-go-avito-Orurh/internal/logx/contracts.go:23.38,25.2 1 0
course-go-avito-Orurh/internal/logx/contracts.go:27.39,29.2 1 0
course-go-avito-Orurh/internal/logx/contracts.go:31.43,33.2 1 0
course-go-avito-Orurh/internal/logx/contracts.go:35.46,37.2 1 0
course-go-avito-Orurh/internal/logx/contracts.go:39.54,41.2 1 0
course-go-avito-Orurh/internal/logx/nop.go:5.19,5.41 1 0
course-go-avito-Orurh/internal/logx/nop.go:7.43,7.44 0 0
course-go-avito-Orurh/internal/logx/nop.go:8.43,8.44 0 0
course-go-avito-Orurh/internal/logx/nop.go:9.43,9.44 0 0
course-go-avito-Orurh/internal/logx/nop.go:10.43,10.44 0 0
course-go-avito-Orurh/internal/logx/nop.go:12.40,12.62 1 0
course-go-avito-Orurh/internal/logx/nop.go:13.40,13.54 1 0
course-go-avito-Orurh/internal/proto/orders.pb.go:37.25,42.2 4 0
course-go-avito-Orurh/internal/proto/orders.pb.go:44.33,46.2 1 0
course-go-avito-Orurh/internal/proto/orders.pb.go:48.31,48.32 0 0
course-go-avito-Orurh/internal/proto/orders.pb.go:50.53,52.14 2 0
course-go-avito-Orurh/internal/proto/orders.pb.go:52.14,54.34 2 0
course-go-avito-Orurh/internal/proto/orders.pb.go:54.34,56.4 1 0
course-go-avito-Orurh/internal/proto/orders.pb.go:57.3,57.12 1 0
course-go-avito-Orurh/internal/proto/orders.pb.go:59.2,59.24 1 0
course-go-avito-Orurh/internal/proto/orders.pb.go:63.44,65.2 1 0
course-go-avito-Orurh/internal/proto/orders.pb.go:67.32,68.14 1 4
course-go-avito-Orurh/internal/proto/orders.pb.go:68.14,70.3 1 4
course-go-avito-Orurh/internal/proto/orders.pb.go:71.2,71.11 1 0
course-go-avito-Orurh/internal/proto/orders.pb.go:74.36,75.14 1 4
course-go-avito-Orurh/internal/proto/orders.pb.go:75.14,77.3 1 4
course-go-avito-Orurh/internal/proto/orders.pb.go:78.2,78.11 1 0
course-go-avito-Orurh/internal/proto/orders.pb.go:81.55,82.14 1 4
course-go-avito-Orurh/internal/proto/orders.pb.go:82.14,84.3 1 4
course-go-avito-Orurh/internal/proto/orders.pb.go:85.2,85.12 1 0
course-go-avito-Orurh/internal/proto/orders.pb.go:96.36,101.2 4 0
course-go-avito-Orurh/internal/proto/orders.pb.go:103.44,105.2 1 0
course-go-avito-Orurh/internal/proto/orders.pb.go:107.42,107.43 0 0
course-go-avito-Orurh/internal/proto/orders.pb.go:109.64,111.14 2 0
course-go-avito-Orurh/internal/proto/orders.pb.go:111.14,113.34 2 0
course-go-avito-Orurh/internal/proto/orders.pb.go:113.34,115.4 1 0
course-go-avito-Orurh/internal/proto/orders.pb.go:116.3,116.12 1 0
course-go-avito-Orurh/internal/proto/orders.pb.go:118.2,118.24 1 0
course-go-avito-Orurh/internal/proto/orders.pb.go:122.55,124.2 1 0
course-go-avito-Orurh/internal/proto/orders.pb.go:126.61,127.14 1 2
course-go-avito-Orurh/internal/proto/orders.pb.go:127.14,129.3 1 2
course-go-avito-Orurh/internal/proto/orders.pb.go:130.2,130.12 1 0
course-go-avito-Orurh/internal/proto/orders.pb.go:141.39,146.2 4 0
course-go-avito-Orurh/internal/proto/orders.pb.go:148.47,150.2 1 0
course-go-avito-Orurh/internal/proto/orders.pb.go:152.45,152.46 0 0
course-go-avito-Orurh/internal/proto/orders.pb.go:154.67,156.14 2 0
course-go-avito-Orurh/internal/proto/orders.pb.go:156.14,158.34 2 0
course-go-avito-Orurh/internal/proto/orders.pb.go:158.34,160.4 1 0
course-go-avito-Orurh/internal/proto/orders.pb.go:161.3,161.12 1 0
course-go-avito-Orurh/internal/proto/orders.pb.go:163.2,163.24 1 0
course-go-avito-Orurh/internal/proto/orders.pb.go:167.58,169.2 1 0
course-go-avito-Orurh/internal/proto/orders.pb.go:171.46,172.14 1 1
course-go-avito-Orurh/internal/proto/orders.pb.go:172.14,174.3 1 1
course-go-avito-Orurh/internal/proto/orders.pb.go:175.2,175.11 1 0
course-go-avito-Orurh/internal/proto/orders.pb.go:186.37,191.2 4 0
course-go-avito-Orurh/internal/proto/orders.pb.go:193.45,195.2 1 0
course-go-avito-Orurh/internal/proto/orders.pb.go:197.43,197.44 0 0
course-go-avito-Orurh/internal/proto/orders.pb.go:199.65,201.14 2 0
course-go-avito-Orurh/internal/proto/orders.pb.go:201.14,203.34 2 0
course-go-avito-Orurh/internal/proto/orders.pb.go:203.34,205.4 1 0
course-go-avito-Orurh/internal/proto/orders.pb.go:206.3,206.12 1 0
course-go-avito-Orurh/internal/proto/orders.pb.go:208.2,208.24 1 0
course-go-avito-Orurh/internal/proto/orders.pb.go:212.56,214.2 1 0
course-go-avito-Orurh/internal/proto/orders.pb.go:216.50,217.14 1 1
course-go-avito-Orurh/internal/proto/orders.pb.go:217.14,219.3 1 1
course-go-avito-Orurh/internal/proto/orders.pb.go:220.2,220.12 1 0
course-go-avito-Orurh/internal/proto/orders.pb.go:231.40,236.2 4 0
course-go-avito-Orurh/internal/proto/orders.pb.go:238.48,240.2 1 0
course-go-avito-Orurh/internal/proto/orders.pb.go:242.46,242.47 0 0
course-go-avito-Orurh/internal/proto/orders.pb.go:244.68,246.14 2 0
course-go-avito-Orurh/internal/proto/orders.pb.go:246.14,248.34 2 0
course-go-avito-Orurh/internal/proto/orders.pb.go:248.34,250.4 1 0
course-go-avito-Orurh/internal/proto/orders.pb.go:251.3,251.12 1 0
course-go-avito-Orurh/internal/proto/orders.pb.go:253.2,253.24 1 0
course-go-avito-Orurh/internal/proto/orders.pb.go:257.59,259.2 1 0
course-go-avito-Orurh/internal/proto/orders.pb.go:261.50,262.14 1 2
course-go-avito-Orurh/internal/proto/orders.pb.go:262.14,264.3 1 2
course-go-avito-Orurh/internal/proto/orders.pb.go:265.2,265.12 1 0
course-go-avito-Orurh/internal/proto/orders.pb.go:296.45,297.42 1 0
course-go-avito-Orurh/internal/proto/orders.pb.go:297.42,299.3 1 0
course-go-avito-Orurh/internal/proto/orders.pb.go:300.2,300.38 1 0
course-go-avito-Orurh/internal/proto/orders.pb.go:331.13,331.41 1 1
course-go-avito-Orurh/internal/proto/orders.pb.go:332.31,333.30 1 1
course-go-avito-Orurh/internal/proto/orders.pb.go:333.30,335.3 1 0
course-go-avito-Orurh/internal/proto/orders.pb.go:336.2,352.33 5 1
course-go-avito-Orurh/internal/proto/orders_grpc.pb.go:41.78,43.2 1 0
course-go-avito-Orurh/internal/proto/orders_grpc.pb.go:45.137,49.16 4 0
course-go-avito-Orurh/internal/proto/orders_grpc.pb.go:49.16,51.3 1 0
course-go-avito-Orurh/internal/proto/orders_grpc.pb.go:52.2,52.17 1 0
course-go-avito-Orurh/internal/proto/orders_grpc.pb.go:55.146,59.16 4 0
course-go-avito-Orurh/internal/proto/orders_grpc.pb.go:59.16,61.3 1 0
course-go-avito-Orurh/internal/proto/orders_grpc.pb.go:62.2,62.17 1 0
course-go-avito-Orurh/internal/proto/orders_grpc.pb.go:83.115,85.2 1 0
course-go-avito-Orurh/internal/proto/orders_grpc.pb.go:87.124,89.2 1 0
course-go-avito-Orurh/internal/proto/orders_grpc.pb.go:90.86,90.87 0 0
course-go-avito-Orurh/internal/proto/orders_grpc.pb.go:91.86,91.87 0 0
course-go-avito-Orurh/internal/proto/orders_grpc.pb.go:100.84,105.59 1 0
course-go-avito-Orurh/internal/proto/orders_grpc.pb.go:105.59,107.3 1 0
course-go-avito-Orurh/internal/proto/orders_grpc.pb.go:108.2,108.52 1 0
course-go-avito-Orurh/internal/proto/orders_grpc.pb.go:111.168,113.32 2 0
course-go-avito-Orurh/internal/proto/orders_grpc.pb.go:113.32,115.3 1 0
course-go-avito-Orurh/internal/proto/orders_grpc.pb.go:116.2,116.24 1 0
course-go-avito-Orurh/internal/proto/orders_grpc.pb.go:116.24,118.3 1 0
course-go-avito-Orurh/internal/proto/orders_grpc.pb.go:119.2,123.77 2 0
course-go-avito-Orurh/internal/proto/orders_grpc.pb.go:123.77,125.3 1 0
course-go-avito-Orurh/internal/proto/orders_grpc.pb.go:126.2,126.44 1 0
course-go-avito-Orurh/internal/proto/orders_grpc.pb.go:129.171,131.32 2 0
course-go-avito-Orurh/internal/proto/orders_grpc.pb.go:131.32,133.3 1 0
course-go-avito-Orurh/internal/proto/orders_grpc.pb.go:134.2,134.24 1 0
course-go-avito-Orurh/internal/proto/orders_grpc.pb.go:134.24,136.3 1 0
course-go-avito-Orurh/internal/proto/orders_grpc.pb.go:137.2,141.77 2 0
course-go-avito-Orurh/internal/proto/orders_grpc.pb.go:141.77,143.3 1 0
course-go-avito-Orurh/internal/proto/orders_grpc.pb.go:144.2,144.44 1 0
course-go-avito-Orurh/internal/repository/courier.go:17.52,17.83 1 0
course-go-avito-Orurh/internal/repository/courier.go:20.83,25.16 3 0
course-go-avito-Orurh/internal/repository/courier.go:25.16,26.22 1 0
course-go-avito-Orurh/internal/repository/courier.go:26.22,28.4 1 0
course-go-avito-Orurh/internal/repository/courier.go:29.3,29.56 1 0
course-go-avito-Orurh/internal/repository/courier.go:31.2,31.16 1 0
course-go-avito-Orurh/internal/repository/courier.go:35.95,38.18 3 0
course-go-avito-Orurh/internal/repository/courier.go:38.18,41.3 2 0
course-go-avito-Orurh/internal/repository/courier.go:42.2,42.19 1 0
course-go-avito-Orurh/internal/repository/courier.go:42.19,45.3 2 0
course-go-avito-Orurh/internal/repository/courier.go:47.2,48.16 2 0
course-go-avito-Orurh/internal/repository/courier.go:48.16,50.3 1 0
course-go-avito-Orurh/internal/repository/courier.go:51.2,53.32 3 0
course-go-avito-Orurh/internal/repository/courier.go:53.32,55.3 1 0
course-go-avito-Orurh/internal/repository/courier.go:56.2,57.18 2 0
course-go-avito-Orurh/internal/repository/courier.go:57.18,59.90 2 0
course-go-avito-Orurh/internal/repository/courier.go:59.90,61.4 1 0
course-go-avito-Orurh/internal/repository/courier.go:62.3,62.23 1 0
course-go-avito-Orurh/internal/repository/courier.go:64.2,64.24 1 0
course-go-avito-Orurh/internal/repository/courier.go:68.85,73.16 3 0
course-go-avito-Orurh/internal/repository/courier.go:73.16,74.23 1 0
course-go-avito-Orurh/internal/repository/courier.go:74.23,76.4 1 0
course-go-avito-Orurh/internal/repository/courier.go:77.3,77.50 1 0
course-go-avito-Orurh/internal/repository/courier.go:79.2,79.16 1 0
course-go-avito-Orurh/internal/repository/courier.go:83.103,94.16 2 0
course-go-avito-Orurh/internal/repository/courier.go:94.16,95.23 1 0
course-go-avito-Orurh/internal/repository/courier.go:95.23,97.4 1 0
course-go-avito-Orurh/internal/repository/courier.go:98.3,98.63 1 0
course-go-avito-Orurh/internal/repository/courier.go:100.2,100.35 1 0
course-go-avito-Orurh/internal/repository/db.go:10.70,12.16 2 0
course-go-avito-Orurh/internal/repository/db.go:12.16,14.3 1 0
course-go-avito-Orurh/internal/repository/db.go:15.2,15.39 1 0
course-go-avito-Orurh/internal/repository/db.go:15.39,18.3 2 0
course-go-avito-Orurh/internal/repository/db.go:19.2,19.18 1 0
course-go-avito-Orurh/internal/repository/delivery.go:21.54,23.2 1 0
course-go-avito-Orurh/internal/repository/delivery.go:26.99,28.16 2 0
course-go-avito-Orurh/internal/repository/delivery.go:28.16,30.3 1 0
course-go-avito-Orurh/internal/repository/delivery.go:32.2,34.36 2 0
course-go-avito-Orurh/internal/repository/delivery.go:34.36,35.46 1 0
course-go-avito-Orurh/internal/repository/delivery.go:35.46,37.4 1 0
course-go-avito-Orurh/internal/repository/delivery.go:38.3,38.13 1 0
course-go-avito-Orurh/internal/repository/delivery.go:41.2,41.39 1 0
course-go-avito-Orurh/internal/repository/delivery.go:41.39,43.3 1 0
course-go-avito-Orurh/internal/repository/delivery.go:45.2,45.12 1 0
course-go-avito-Orurh/internal/repository/delivery.go:53.94,66.88 3 0
course-go-avito-Orurh/internal/repository/delivery.go:66.88,67.22 1 0
course-go-avito-Orurh/internal/repository/delivery.go:67.22,69.4 1 0
course-go-avito-Orurh/internal/repository/delivery.go:70.3,70.60 1 0
course-go-avito-Orurh/internal/repository/delivery.go:72.2,72.16 1 0
course-go-avito-Orurh/internal/repository/delivery.go:76.104,82.16 2 0
course-go-avito-Orurh/internal/repository/delivery.go:82.16,84.3 1 0
course-go-avito-Orurh/internal/repository/delivery.go:85.2,85.28 1 0
course-go-avito-Orurh/internal/repository/delivery.go:85.28,87.3 1 0
course-go-avito-Orurh/internal/repository/delivery.go:88.2,88.12 1 0
course-go-avito-Orurh/internal/repository/delivery.go:92.80,98.16 2 0
course-go-avito-Orurh/internal/repository/delivery.go:98.16,100.3 1 0
course-go-avito-Orurh/internal/repository/delivery.go:101.2,101.12 1 0
course-go-avito-Orurh/internal/repository/delivery.go:105.94,113.94 3 0
course-go-avito-Orurh/internal/repository/delivery.go:113.94,114.22 1 0
course-go-avito-Orurh/internal/repository/delivery.go:114.22,116.4 1 0
course-go-avito-Orurh/internal/repository/delivery.go:117.3,117.71 1 0
course-go-avito-Orurh/internal/repository/delivery.go:119.2,119.16 1 0
course-go-avito-Orurh/internal/repository/delivery.go:123.77,125.16 2 0
course-go-avito-Orurh/internal/repository/delivery.go:125.16,127.3 1 0
course-go-avito-Orurh/internal/repository/delivery.go:128.2,128.28 1 0
course-go-avito-Orurh/internal/repository/delivery.go:128.28,130.3 1 0
course-go-avito-Orurh/internal/repository/delivery.go:131.2,131.12 1 0
course-go-avito-Orurh/internal/repository/delivery.go:135.91,147.16 2 0
course-go-avito-Orurh/internal/repository/delivery.go:147.16,149.3 1 0
course-go-avito-Orurh/internal/repository/delivery.go:150.2,150.32 1 0
course-go-avito-Orurh/internal/repository/errors.go:11.34,14.2 2 0
course-go-avito-Orurh/internal/repository/errors.go:17.33,19.2 1 0
course-go-avito-Orurh/internal/service/courier/courier.go:19.70,20.18 1 0
course-go-avito-Orurh/internal/service/courier/courier.go:20.18,22.3 1 0
course-go-avito-Orurh/internal/service/courier/courier.go:23.2,23.53 1 0
course-go-avito-Orurh/internal/service/courier/courier.go:26.90,28.2 1 0
course-go-avito-Orurh/internal/service/courier/courier.go:30.46,31.14 1 0
course-go-avito-Orurh/internal/service/courier/courier.go:31.14,33.3 1 0
course-go-avito-Orurh/internal/service/courier/courier.go:34.2,34.37 1 0
course-go-avito-Orurh/internal/service/courier/courier.go:34.37,36.3 1 0
course-go-avito-Orurh/internal/service/courier/courier.go:37.2,37.36 1 0
course-go-avito-Orurh/internal/service/courier/courier.go:37.36,39.3 1 0
course-go-avito-Orurh/internal/service/courier/courier.go:40.2,40.45 1 0
course-go-avito-Orurh/internal/service/courier/courier.go:40.45,42.3 1 0
course-go-avito-Orurh/internal/service/courier/courier.go:43.2,43.27 1 0
course-go-avito-Orurh/internal/service/courier/courier.go:43.27,45.3 1 0
course-go-avito-Orurh/internal/service/courier/courier.go:46.2,46.59 1 0
course-go-avito-Orurh/internal/service/courier/courier.go:46.59,48.3 1 0
course-go-avito-Orurh/internal/service/courier/courier.go:49.2,49.12 1 0
course-go-avito-Orurh/internal/service/courier/courier.go:52.59,53.15 1 0
course-go-avito-Orurh/internal/service/courier/courier.go:53.15,55.3 1 0
course-go-avito-Orurh/internal/service/courier/courier.go:56.2,56.82 1 0
course-go-avito-Orurh/internal/service/courier/courier.go:56.82,58.3 1 0
course-go-avito-Orurh/internal/service/courier/courier.go:59.2,59.55 1 0
course-go-avito-Orurh/internal/service/courier/courier.go:59.55,61.3 1 0
course-go-avito-Orurh/internal/service/courier/courier.go:62.2,62.55 1 0
course-go-avito-Orurh/internal/service/courier/courier.go:62.55,64.3 1 0
course-go-avito-Orurh/internal/service/courier/courier.go:65.2,65.65 1 0
course-go-avito-Orurh/internal/service/courier/courier.go:65.65,67.3 1 0
course-go-avito-Orurh/internal/service/courier/courier.go:68.2,68.86 1 0
course-go-avito-Orurh/internal/service/courier/courier.go:68.86,70.3 1 0
course-go-avito-Orurh/internal/service/courier/courier.go:71.2,71.12 1 0
course-go-avito-Orurh/internal/service/courier/courier.go:75.79,79.16 4 0
course-go-avito-Orurh/internal/service/courier/courier.go:79.16,81.3 1 0
course-go-avito-Orurh/internal/service/courier/courier.go:82.2,82.14 1 0
course-go-avito-Orurh/internal/service/courier/courier.go:82.14,84.3 1 0
course-go-avito-Orurh/internal/service/courier/courier.go:85.2,85.15 1 0
course-go-avito-Orurh/internal/service/courier/courier.go:89.91,93.2 3 0
course-go-avito-Orurh/internal/service/courier/courier.go:96.81,97.42 1 0
course-go-avito-Orurh/internal/service/courier/courier.go:97.42,99.3 1 0
course-go-avito-Orurh/internal/service/courier/courier.go:100.2,102.30 3 0
course-go-avito-Orurh/internal/service/courier/courier.go:106.99,107.43 1 0
course-go-avito-Orurh/internal/service/courier/courier.go:107.43,109.3 1 0
course-go-avito-Orurh/internal/service/courier/courier.go:110.2,113.16 4 0
course-go-avito-Orurh/internal/service/courier/courier.go:113.16,115.3 1 0
course-go-avito-Orurh/internal/service/courier/courier.go:116.2,116.9 1 0
course-go-avito-Orurh/internal/service/courier/courier.go:116.9,118.3 1 0
course-go-avito-Orurh/internal/service/courier/courier.go:119.2,119.18 1 0
course-go-avito-Orurh/internal/service/delivery/factory.go:13.35,15.2 1 0
course-go-avito-Orurh/internal/service/delivery/factory.go:18.109,19.19 1 0
course-go-avito-Orurh/internal/service/delivery/factory.go:20.32,21.40 1 0
course-go-avito-Orurh/internal/service/delivery/factory.go:22.35,23.40 1 0
course-go-avito-Orurh/internal/service/delivery/factory.go:24.31,25.39 1 0
course-go-avito-Orurh/internal/service/delivery/factory.go:26.10,27.74 1 0
course-go-avito-Orurh/internal/service/delivery/usecase.go:21.90,23.2 1 0
course-go-avito-Orurh/internal/service/delivery/usecase.go:26.114,27.18 1 0
course-go-avito-Orurh/internal/service/delivery/usecase.go:27.18,29.3 1 0
course-go-avito-Orurh/internal/service/delivery/usecase.go:30.2,35.3 1 0
course-go-avito-Orurh/internal/service/delivery/usecase.go:39.92,41.16 2 0
course-go-avito-Orurh/internal/service/delivery/usecase.go:41.16,43.3 1 0
course-go-avito-Orurh/internal/service/delivery/usecase.go:45.2,50.55 4 0
course-go-avito-Orurh/internal/service/delivery/usecase.go:50.55,52.17 2 0
course-go-avito-Orurh/internal/service/delivery/usecase.go:52.17,54.4 1 0
course-go-avito-Orurh/internal/service/delivery/usecase.go:55.3,55.21 1 0
course-go-avito-Orurh/internal/service/delivery/usecase.go:55.21,57.4 1 0
course-go-avito-Orurh/internal/service/delivery/usecase.go:59.3,61.17 3 0
course-go-avito-Orurh/internal/service/delivery/usecase.go:61.17,63.4 1 0
course-go-avito-Orurh/internal/service/delivery/usecase.go:65.3,71.51 2 0
course-go-avito-Orurh/internal/service/delivery/usecase.go:71.51,73.4 1 0
course-go-avito-Orurh/internal/service/delivery/usecase.go:75.3,75.84 1 0
course-go-avito-Orurh/internal/service/delivery/usecase.go:75.84,77.4 1 0
course-go-avito-Orurh/internal/service/delivery/usecase.go:79.3,86.13 2 0
course-go-avito-Orurh/internal/service/delivery/usecase.go:88.2,88.16 1 0
course-go-avito-Orurh/internal/service/delivery/usecase.go:88.16,90.3 1 0
course-go-avito-Orurh/internal/service/delivery/usecase.go:92.2,100.20 2 0
course-go-avito-Orurh/internal/service/delivery/usecase.go:104.96,106.16 2 0
course-go-avito-Orurh/internal/service/delivery/usecase.go:106.16,108.3 1 0
course-go-avito-Orurh/internal/service/delivery/usecase.go:110.2,115.55 4 0
course-go-avito-Orurh/internal/service/delivery/usecase.go:115.55,117.17 2 0
course-go-avito-Orurh/internal/service/delivery/usecase.go:117.17,119.4 1 0
course-go-avito-Orurh/internal/service/delivery/usecase.go:120.3,120.15 1 0
course-go-avito-Orurh/internal/service/delivery/usecase.go:120.15,122.4 1 0
course-go-avito-Orurh/internal/service/delivery/usecase.go:124.3,124.58 1 0
course-go-avito-Orurh/internal/service/delivery/usecase.go:124.58,126.4 1 0
course-go-avito-Orurh/internal/service/delivery/usecase.go:128.3,128.90 1 0
course-go-avito-Orurh/internal/service/delivery/usecase.go:128.90,130.4 1 0
course-go-avito-Orurh/internal/service/delivery/usecase.go:132.3,138.13 2 0
course-go-avito-Orurh/internal/service/delivery/usecase.go:140.2,140.16 1 0
course-go-avito-Orurh/internal/service/delivery/usecase.go:140.16,142.3 1 0
course-go-avito-Orurh/internal/service/delivery/usecase.go:144.2,144.20 1 0
course-go-avito-Orurh/internal/service/delivery/usecase.go:147.50,149.19 2 0
course-go-avito-Orurh/internal/service/delivery/usecase.go:149.19,151.3 1 0
course-go-avito-Orurh/internal/service/delivery/usecase.go:152.2,152.21 1 0
course-go-avito-Orurh/internal/service/delivery/usecase.go:156.61,163.2 5 0
course-go-avito-Orurh/internal/service/orders/factory.go:14.85,29.2 1 0
course-go-avito-Orurh/internal/service/orders/factory.go:31.63,35.2 3 0
course-go-avito-Orurh/internal/service/orders/processor.go:21.79,23.2 1 0
course-go-avito-Orurh/internal/service/orders/processor.go:30.97,32.2 1 0
course-go-avito-Orurh/internal/service/orders/processor.go:35.92,37.2 1 0
course-go-avito-Orurh/internal/service/orders/processor.go:39.71,46.2 3 0
course-go-avito-Orurh/internal/service/orders/processor.go:49.64,50.22 1 0
course-go-avito-Orurh/internal/service/orders/processor.go:50.22,52.3 1 0
course-go-avito-Orurh/internal/service/orders/processor.go:53.2,54.9 2 0
course-go-avito-Orurh/internal/service/orders/processor.go:54.9,56.3 1 0
course-go-avito-Orurh/internal/service/orders/processor.go:57.2,57.19 1 0
course-go-avito-Orurh/internal/service/orders/processor.go:60.67,62.40 2 0
course-go-avito-Orurh/internal/service/orders/processor.go:62.40,64.3 1 0
course-go-avito-Orurh/internal/service/orders/processor.go:65.2,65.12 1 0
course-go-avito-Orurh/internal/service/orders/processor.go:68.68,70.40 2 0
course-go-avito-Orurh/internal/service/orders/processor.go:70.40,72.3 1 0
course-go-avito-Orurh/internal/service/orders/processor.go:73.2,73.12 1 0
course-go-avito-Orurh/internal/service/orders/processor.go:76.69,77.65 1 0
course-go-avito-Orurh/internal/service/orders/processor.go:77.65,79.17 2 0
course-go-avito-Orurh/internal/service/orders/processor.go:79.17,81.4 1 0
course-go-avito-Orurh/internal/service/orders/processor.go:82.3,82.15 1 0
course-go-avito-Orurh/internal/service/orders/processor.go:82.15,84.4 1 0
course-go-avito-Orurh/internal/service/orders/processor.go:85.3,85.74 1 0
course-go-avito-Orurh/internal/testutil/testlog.go:20.22,20.44 1 0
course-go-avito-Orurh/internal/testutil/testlog.go:22.41,24.2 1 0
course-go-avito-Orurh/internal/testutil/testlog.go:26.38,32.2 5 0
course-go-avito-Orurh/internal/testutil/testlog.go:34.64,39.2 4 0
course-go-avito-Orurh/internal/testutil/testlog.go:46.51,48.2 1 0
course-go-avito-Orurh/internal/testutil/testlog.go:50.50,52.2 1 0
course-go-avito-Orurh/internal/testutil/testlog.go:54.50,56.2 1 0
course-go-avito-Orurh/internal/testutil/testlog.go:58.51,60.2 1 0
course-go-avito-Orurh/internal/testutil/testlog.go:62.50,66.2 3 0
course-go-avito-Orurh/internal/testutil/testlog.go:68.29,68.43 1 0
course-go-avito-Orurh/internal/transport/kafka/consumer.go:29.112,31.93 1 0
course-go-avito-Orurh/internal/transport/kafka/consumer.go:31.93,33.3 1 0
course-go-avito-Orurh/internal/transport/kafka/consumer.go:35.2,39.16 4 0
course-go-avito-Orurh/internal/transport/kafka/consumer.go:39.16,41.3 1 0
course-go-avito-Orurh/internal/transport/kafka/consumer.go:43.2,48.8 1 0
course-go-avito-Orurh/internal/transport/kafka/consumer.go:52.51,53.14 1 0
course-go-avito-Orurh/internal/transport/kafka/consumer.go:53.14,55.3 1 0
course-go-avito-Orurh/internal/transport/kafka/consumer.go:57.2,57.12 1 0
course-go-avito-Orurh/internal/transport/kafka/consumer.go:57.12,58.7 1 0
course-go-avito-Orurh/internal/transport/kafka/consumer.go:58.7,59.11 1 0
course-go-avito-Orurh/internal/transport/kafka/consumer.go:60.22,61.11 1 0
course-go-avito-Orurh/internal/transport/kafka/consumer.go:62.39,63.12 1 0
course-go-avito-Orurh/internal/transport/kafka/consumer.go:63.12,65.6 1 0
course-go-avito-Orurh/internal/transport/kafka/consumer.go:66.5,66.71 1 0
course-go-avito-Orurh/internal/transport/kafka/consumer.go:71.2,73.6 2 0
course-go-avito-Orurh/internal/transport/kafka/consumer.go:73.6,74.68 1 0
course-go-avito-Orurh/internal/transport/kafka/consumer.go:74.68,75.24 1 0
course-go-avito-Orurh/internal/transport/kafka/consumer.go:75.24,77.5 1 0
course-go-avito-Orurh/internal/transport/kafka/consumer.go:78.4,79.11 2 0
course-go-avito-Orurh/internal/transport/kafka/consumer.go:80.22,81.21 1 0
course-go-avito-Orurh/internal/transport/kafka/consumer.go:82.35,82.35 0 0
course-go-avito-Orurh/internal/transport/kafka/consumer.go:84.4,84.12 1 0
course-go-avito-Orurh/internal/transport/kafka/consumer.go:86.3,86.23 1 0
course-go-avito-Orurh/internal/transport/kafka/consumer.go:86.23,88.4 1 0
course-go-avito-Orurh/internal/transport/kafka/consumer.go:92.34,93.14 1 0
course-go-avito-Orurh/internal/transport/kafka/consumer.go:93.14,95.3 1 0
course-go-avito-Orurh/internal/transport/kafka/consumer.go:96.2,96.24 1 0
course-go-avito-Orurh/internal/transport/kafka/consumer.go:101.65,103.2 1 0
course-go-avito-Orurh/internal/transport/kafka/consumer.go:105.67,107.2 1 0
course-go-avito-Orurh/internal/transport/kafka/consumer.go:109.110,110.6 1 0
course-go-avito-Orurh/internal/transport/kafka/consumer.go:110.6,111.10 1 0
course-go-avito-Orurh/internal/transport/kafka/consumer.go:112.32,113.14 1 0
course-go-avito-Orurh/internal/transport/kafka/consumer.go:114.38,115.11 1 0
course-go-avito-Orurh/internal/transport/kafka/consumer.go:115.11,117.5 1 0
course-go-avito-Orurh/internal/transport/kafka/consumer.go:119.4,120.58 2 0
course-go-avito-Orurh/internal/transport/kafka/consumer.go:120.58,123.13 3 0
course-go-avito-Orurh/internal/transport/kafka/consumer.go:126.4,128.24 2 0
course-go-avito-Orurh/internal/transport/kafka/consumer.go:128.24,131.13 3 0
course-go-avito-Orurh/internal/transport/kafka/consumer.go:134.4,134.58 1 0
course-go-avito-Orurh/internal/transport/kafka/consumer.go:134.58,141.13 3 0
course-go-avito-Orurh/internal/transport/kafka/consumer.go:143.4,143.29 1 0
course-go-avito-Orurh/internal/transport/kafka/dto.go:18.42,24.2 1 0
course-go-avito-Orurh/internal/app/container.go:28.67,30.2 1 0
course-go-avito-Orurh/internal/app/container.go:40.46,43.47 1 0
course-go-avito-Orurh/internal/app/container.go:43.47,43.84 1 0
course-go-avito-Orurh/internal/app/container.go:50.21,51.15 1 0
course-go-avito-Orurh/internal/app/container.go:51.15,53.3 1 0
course-go-avito-Orurh/internal/app/container.go:54.2,54.10 1 0
course-go-avito-Orurh/internal/app/container.go:58.85,59.15 1 0
course-go-avito-Orurh/internal/app/container.go:59.15,61.3 1 0
course-go-avito-Orurh/internal/app/container.go:62.2,62.10 1 0
course-go-avito-Orurh/internal/app/container.go:66.74,68.16 2 0
course-go-avito-Orurh/internal/app/container.go:68.16,70.3 1 0
course-go-avito-Orurh/internal/app/container.go:71.2,71.18 1 0
course-go-avito-Orurh/internal/app/container.go:75.79,78.53 2 0
course-go-avito-Orurh/internal/app/container.go:78.53,80.3 1 0
course-go-avito-Orurh/internal/app/container.go:81.2,81.59 1 0
course-go-avito-Orurh/internal/app/container.go:81.59,83.3 1 0
course-go-avito-Orurh/internal/app/container.go:84.2,84.58 1 0
course-go-avito-Orurh/internal/app/container.go:84.58,86.3 1 0
course-go-avito-Orurh/internal/app/container.go:87.2,87.48 1 0
course-go-avito-Orurh/internal/app/container.go:87.48,89.3 1 0
course-go-avito-Orurh/internal/app/container.go:90.2,90.23 1 0
course-go-avito-Orurh/internal/app/container.go:93.80,95.16 2 0
course-go-avito-Orurh/internal/app/container.go:95.16,97.3 1 0
course-go-avito-Orurh/internal/app/container.go:98.2,98.18 1 0
course-go-avito-Orurh/internal/app/container.go:101.85,104.53 2 0
course-go-avito-Orurh/internal/app/container.go:104.53,106.3 1 0
course-go-avito-Orurh/internal/app/container.go:107.2,107.59 1 0
course-go-avito-Orurh/internal/app/container.go:107.59,109.3 1 0
course-go-avito-Orurh/internal/app/container.go:110.2,110.58 1 0
course-go-avito-Orurh/internal/app/container.go:110.58,112.3 1 0
course-go-avito-Orurh/internal/app/container.go:113.2,113.50 1 0
course-go-avito-Orurh/internal/app/container.go:113.50,115.3 1 0
course-go-avito-Orurh/internal/app/container.go:116.2,116.23 1 0
course-go-avito-Orurh/internal/app/container.go:120.61,122.2 1 0
course-go-avito-Orurh/internal/app/container.go:124.67,125.37 1 0
course-go-avito-Orurh/internal/app/container.go:125.37,126.53 1 0
course-go-avito-Orurh/internal/app/container.go:126.53,128.4 1 0
course-go-avito-Orurh/internal/app/container.go:130.2,130.12 1 0
course-go-avito-Orurh/internal/app/container.go:133.72,135.26 1 0
course-go-avito-Orurh/internal/app/container.go:135.26,135.40 1 0
course-go-avito-Orurh/internal/app/container.go:138.48,140.4 1 0
course-go-avito-Orurh/internal/app/container.go:147.9,148.105 1 0
course-go-avito-Orurh/internal/app/container.go:148.105,150.3 1 0
course-go-avito-Orurh/internal/app/container.go:151.2,151.42 1 0
course-go-avito-Orurh/internal/app/container.go:154.61,159.24 1 0
course-go-avito-Orurh/internal/app/container.go:159.24,159.50 1 0
course-go-avito-Orurh/internal/app/container.go:160.78,162.4 1 0
course-go-avito-Orurh/internal/app/container.go:169.23,171.4 1 0
course-go-avito-Orurh/internal/app/container.go:175.53,181.93 1 0
course-go-avito-Orurh/internal/app/container.go:181.93,183.18 2 0
course-go-avito-Orurh/internal/app/container.go:183.18,185.5 1 0
course-go-avito-Orurh/internal/app/container.go:186.4,186.16 1 0
course-go-avito-Orurh/internal/app/container.go:186.16,188.5 1 0
course-go-avito-Orurh/internal/app/container.go:189.4,189.17 1 0
course-go-avito-Orurh/internal/app/container.go:194.51,195.76 1 0
course-go-avito-Orurh/internal/app/container.go:195.76,204.3 1 0
course-go-avito-Orurh/internal/app/container.go:205.2,213.3 1 0
course-go-avito-Orurh/internal/app/container.go:218.117,220.16 2 0
course-go-avito-Orurh/internal/app/container.go:220.16,222.3 1 0
course-go-avito-Orurh/internal/app/container.go:223.2,224.16 2 0
course-go-avito-Orurh/internal/app/container.go:224.16,226.3 1 0
course-go-avito-Orurh/internal/app/container.go:227.2,229.26 3 0
course-go-avito-Orurh/internal/app/container.go:229.26,229.49 1 0
course-go-avito-Orurh/internal/app/helpers.go:16.135,19.32 3 0
course-go-avito-Orurh/internal/app/helpers.go:19.32,23.17 4 0
course-go-avito-Orurh/internal/app/helpers.go:23.17,26.4 2 0
course-go-avito-Orurh/internal/app/helpers.go:27.3,29.18 3 0
course-go-avito-Orurh/internal/app/helpers.go:29.18,30.11 1 0
course-go-avito-Orurh/internal/app/helpers.go:31.22,32.26 1 0
course-go-avito-Orurh/internal/app/helpers.go:33.29,33.29 0 0
course-go-avito-Orurh/internal/app/helpers.go:37.2,37.85 1 0
course-go-avito-Orurh/internal/app/kafka_orders.go:12.86,13.61 1 0
course-go-avito-Orurh/internal/app/kafka_orders.go:13.61,14.16 1 0
course-go-avito-Orurh/internal/app/kafka_orders.go:14.16,16.4 1 0
course-go-avito-Orurh/internal/app/kafka_orders.go:18.3,22.17 4 0
course-go-avito-Orurh/internal/app/kafka_orders.go:22.17,24.4 1 0
course-go-avito-Orurh/internal/app/kafka_orders.go:26.3,26.17 1 0
course-go-avito-Orurh/internal/app/kafka_orders.go:26.17,28.4 1 0
course-go-avito-Orurh/internal/app/kafka_orders.go:30.3,32.30 3 0
course-go-avito-Orurh/internal/app/logger.go:10.30,15.2 2 0
course-go-avito-Orurh/internal/app/runner.go:26.26,28.2 1 0
course-go-avito-Orurh/internal/app/runner.go:31.52,33.16 2 0
course-go-avito-Orurh/internal/app/runner.go:33.16,35.3 1 0
course-go-avito-Orurh/internal/app/runner.go:36.2,36.22 1 0
course-go-avito-Orurh/internal/app/runner.go:36.22,38.3 1 0
course-go-avito-Orurh/internal/app/runner.go:39.2,39.54 1 0
course-go-avito-Orurh/internal/app/runner.go:39.54,40.10 1 0
course-go-avito-Orurh/internal/app/runner.go:41.41,42.46 1 0
course-go-avito-Orurh/internal/app/runner.go:43.49,44.60 1 0
course-go-avito-Orurh/internal/app/runner.go:45.11,46.51 1 0
course-go-avito-Orurh/internal/app/runner.go:49.2,49.19 1 0
course-go-avito-Orurh/internal/app/runner.go:49.19,51.3 1 0
course-go-avito-Orurh/internal/app/runner.go:54.42,56.2 1 0
course-go-avito-Orurh/internal/app/runner.go:71.30,79.2 7 0
course-go-avito-Orurh/internal/app/runner.go:81.127,82.12 1 0
course-go-avito-Orurh/internal/app/runner.go:82.12,85.7 3 0
course-go-avito-Orurh/internal/app/runner.go:85.7,86.11 1 0
course-go-avito-Orurh/internal/app/runner.go:87.22,88.11 1 0
course-go-avito-Orurh/internal/app/runner.go:89.20,90.63 1 0
course-go-avito-Orurh/internal/app/runner.go:90.63,92.6 1 0
course-go-avito-Orurh/internal/app/runner.go:98.72,100.12 2 0
course-go-avito-Orurh/internal/app/runner.go:100.12,103.58 3 0
course-go-avito-Orurh/internal/app/runner.go:103.58,106.4 2 0
course-go-avito-Orurh/internal/app/runner.go:107.3,107.12 1 0
course-go-avito-Orurh/internal/app/runner.go:109.2,109.11 1 0
course-go-avito-Orurh/internal/app/runner.go:112.95,113.9 1 0
course-go-avito-Orurh/internal/app/runner.go:114.20,115.19 1 0
course-go-avito-Orurh/internal/app/runner.go:116.28,117.17 1 0
course-go-avito-Orurh/internal/app/runner.go:117.17,119.4 1 0
course-go-avito-Orurh/internal/app/runner.go:120.3,120.13 1 0
course-go-avito-Orurh/internal/app/runner.go:124.84,127.50 3 0
course-go-avito-Orurh/internal/app/runner.go:127.50,129.3 1 0
course-go-avito-Orurh/internal/app/runner.go:132.113,133.19 1 0
course-go-avito-Orurh/internal/app/runner.go:133.19,134.81 1 0
course-go-avito-Orurh/internal/app/runner.go:134.81,136.4 1 0
course-go-avito-Orurh/internal/app/runner.go:138.2,138.25 1 0
course-go-avito-Orurh/internal/app/runner.go:138.25,139.40 1 0
course-go-avito-Orurh/internal/app/runner.go:139.40,141.4 1 0
course-go-avito-Orurh/internal/app/runner.go:143.2,143.17 1 0
course-go-avito-Orurh/internal/app/runner.go:143.17,145.3 1 0
course-go-avito-Orurh/internal/app/worker_runner.go:19.38,21.2 1 0
course-go-avito-Orurh/internal/app/worker_runner.go:23.58,25.52 2 0
course-go-avito-Orurh/internal/app/worker_runner.go:25.52,27.3 1 0
course-go-avito-Orurh/internal/app/worker_runner.go:28.2,28.12 1 0
course-go-avito-Orurh/internal/app/worker_runner.go:31.48,33.2 1 0
course-go-avito-Orurh/internal/app/worker_runner.go:41.9,42.21 1 0
course-go-avito-Orurh/internal/app/worker_runner.go:42.21,44.3 1 0
course-go-avito-Orurh/internal/app/worker_runner.go:45.2,48.26 3 0
course-go-avito-Orurh/internal/app/worker_runner.go:51.120,52.26 1 0
course-go-avito-Orurh/internal/app/worker_runner.go:52.26,53.47 1 0
course-go-avito-Orurh/internal/app/worker_runner.go:53.47,55.4 1 0
course-go-avito-Orurh/internal/app/worker_runner.go:57.2,57.25 1 0
course-go-avito-Orurh/internal/app/worker_runner.go:57.25,58.40 1 0
course-go-avito-Orurh/internal/app/worker_runner.go:58.40,60.4 1 0
course-go-avito-Orurh/internal/app/worker_runner.go:62.2,62.17 1 0
course-go-avito-Orurh/internal/app/worker_runner.go:62.17,64.3 1 0
course-go-avito-Orurh/internal/config/config.go:50.26,53.2 1 0
course-go-avito-Orurh/internal/config/config.go:56.43,57.53 1 31
course-go-avito-Orurh/internal/config/config.go:57.53,59.3 1 9
course-go-avito-Orurh/internal/config/config.go:60.2,60.12 1 22
course-go-avito-Orurh/internal/config/config.go:64.30,68.81 3 6
course-go-avito-Orurh/internal/config/config.go:68.81,70.3 1 0
course-go-avito-Orurh/internal/config/config.go:72.2,73.37 2 6
course-go-avito-Orurh/internal/config/config.go:73.37,74.44 1 4
course-go-avito-Orurh/internal/config/config.go:74.44,76.4 1 4
course-go-avito-Orurh/internal/config/config.go:79.2,79.45 1 6
course-go-avito-Orurh/internal/config/config.go:79.45,81.3 1 6
course-go-avito-Orurh/internal/config/config.go:83.2,83.33 1 6
course-go-avito-Orurh/internal/config/config.go:83.33,84.62 1 6
course-go-avito-Orurh/internal/config/config.go:84.62,86.4 1 1
course-go-avito-Orurh/internal/config/config.go:89.2,89.31 1 5
course-go-avito-Orurh/internal/config/config.go:89.31,91.3 1 1
course-go-avito-Orurh/internal/config/config.go:93.2,100.49 2 4
course-go-avito-Orurh/internal/config/config.go:100.49,102.3 1 1
course-go-avito-Orurh/internal/config/config.go:104.2,106.16 3 3
course-go-avito-Orurh/internal/config/config.go:106.16,108.3 1 1
course-go-avito-Orurh/internal/config/config.go:110.2,117.16 4 2
course-go-avito-Orurh/internal/config/config.go:117.16,119.3 1 0
course-go-avito-Orurh/internal/config/config.go:121.2,121.106 1 2
course-go-avito-Orurh/internal/config/config.go:124.33,128.24 4 2
course-go-avito-Orurh/internal/config/config.go:128.24,130.14 2 2
course-go-avito-Orurh/internal/config/config.go:130.14,132.4 1 2
course-go-avito-Orurh/internal/config/config.go:134.2,134.23 1 2
course-go-avito-Orurh/internal/config/config.go:134.23,136.3 1 0
course-go-avito-Orurh/internal/config/config.go:138.2,143.21 2 2
course-go-avito-Orurh/internal/config/config.go:143.21,145.3 1 0
course-go-avito-Orurh/internal/config/config.go:146.2,146.23 1 2
course-go-avito-Orurh/internal/config/config.go:146.23,148.3 1 0
course-go-avito-Orurh/internal/config/config.go:149.2,149.17 1 2
course-go-avito-Orurh/internal/domain/status.go:29.37,30.36 1 0
course-go-avito-Orurh/internal/domain/status.go:30.36,31.13 1 0
course-go-avito-Orurh/internal/domain/status.go:31.13,33.4 1 0
course-go-avito-Orurh/internal/domain/status.go:35.2,35.14 1 0
course-go-avito-Orurh/internal/domain/status.go:39.44,40.42 1 0
course-go-avito-Orurh/internal/domain/status.go:40.42,41.13 1 0
course-go-avito-Orurh/internal/domain/status.go:41.13,43.4 1 0
course-go-avito-Orurh/internal/domain/status.go:45.2,45.14 1 0
course-go-avito-Orurh/internal/domain/status.go:51.35,53.2 1 0
course-go-avito-Orurh/internal/gateway/orders/order.go:26.74,27.19 1 0
course-go-avito-Orurh/internal/gateway/orders/order.go:27.19,29.3 1 0
course-go-avito-Orurh/internal/gateway/orders/order.go:30.2,30.37 1 0
course-go-avito-Orurh/internal/gateway/orders/order.go:33.48,35.39 2 0
course-go-avito-Orurh/internal/gateway/orders/order.go:35.39,37.3 1 0
course-go-avito-Orurh/internal/gateway/orders/order.go:38.2,42.3 1 0
course-go-avito-Orurh/internal/gateway/orders/order.go:46.79,48.16 2 0
course-go-avito-Orurh/internal/gateway/orders/order.go:48.16,50.3 1 0
course-go-avito-Orurh/internal/gateway/orders/order.go:51.2,51.23 1 0
course-go-avito-Orurh/internal/gateway/orders/order.go:51.23,53.3 1 0
course-go-avito-Orurh/internal/gateway/orders/order.go:54.2,55.18 2 0
course-go-avito-Orurh/internal/gateway/orders/order.go:59.86,64.16 3 0
course-go-avito-Orurh/internal/gateway/orders/order.go:64.16,66.3 1 0
course-go-avito-Orurh/internal/gateway/orders/order.go:67.2,68.37 2 0
course-go-avito-Orurh/internal/gateway/orders/order.go:68.37,69.15 1 0
course-go-avito-Orurh/internal/gateway/orders/order.go:69.15,70.12 1 0
course-go-avito-Orurh/internal/gateway/orders/order.go:72.3,72.44 1 0
course-go-avito-Orurh/internal/gateway/orders/order.go:75.2,75.20 1 0
course-go-avito-Orurh/internal/http/handlers/contracts.go:20.65,22.2 1 0
course-go-avito-Orurh/internal/http/handlers/contracts.go:30.64,32.2 1 0
course-go-avito-Orurh/internal/http/handlers/courier.go:19.79,21.2 1 0
course-go-avito-Orurh/internal/http/handlers/courier.go:24.74,26.16 2 0
course-go-avito-Orurh/internal/http/handlers/courier.go:26.16,29.3 2 0
course-go-avito-Orurh/internal/http/handlers/courier.go:31.2,32.9 2 0
course-go-avito-Orurh/internal/http/handlers/courier.go:33.18,34.64 1 0
course-go-avito-Orurh/internal/http/handlers/courier.go:35.42,36.63 1 0
course-go-avito-Orurh/internal/http/handlers/courier.go:37.10,38.79 1 0
course-go-avito-Orurh/internal/http/handlers/courier.go:43.71,46.34 3 0
course-go-avito-Orurh/internal/http/handlers/courier.go:46.34,48.26 2 0
course-go-avito-Orurh/internal/http/handlers/courier.go:48.26,51.4 2 0
course-go-avito-Orurh/internal/http/handlers/courier.go:52.3,52.16 1 0
course-go-avito-Orurh/internal/http/handlers/courier.go:54.2,54.35 1 0
course-go-avito-Orurh/internal/http/handlers/courier.go:54.35,56.26 2 0
course-go-avito-Orurh/internal/http/handlers/courier.go:56.26,59.4 2 0
course-go-avito-Orurh/internal/http/handlers/courier.go:60.3,60.17 1 0
course-go-avito-Orurh/internal/http/handlers/courier.go:63.2,64.16 2 0
course-go-avito-Orurh/internal/http/handlers/courier.go:64.16,67.3 2 0
course-go-avito-Orurh/internal/http/handlers/courier.go:68.2,68.66 1 0
course-go-avito-Orurh/internal/http/handlers/courier.go:72.73,74.49 2 0
course-go-avito-Orurh/internal/http/handlers/courier.go:74.49,76.3 1 0
course-go-avito-Orurh/internal/http/handlers/courier.go:77.2,78.9 2 0
course-go-avito-Orurh/internal/http/handlers/courier.go:79.18,81.74 2 0
course-go-avito-Orurh/internal/http/handlers/courier.go:82.41,83.69 1 0
course-go-avito-Orurh/internal/http/handlers/courier.go:84.42,85.74 1 0
course-go-avito-Orurh/internal/http/handlers/courier.go:86.10,87.79 1 0
course-go-avito-Orurh/internal/http/handlers/courier.go:92.73,94.49 2 0
course-go-avito-Orurh/internal/http/handlers/courier.go:94.49,96.3 1 0
course-go-avito-Orurh/internal/http/handlers/courier.go:97.2,98.9 2 0
course-go-avito-Orurh/internal/http/handlers/courier.go:99.18,100.78 1 0
course-go-avito-Orurh/internal/http/handlers/courier.go:101.41,102.69 1 0
course-go-avito-Orurh/internal/http/handlers/courier.go:103.42,104.74 1 0
course-go-avito-Orurh/internal/http/handlers/courier.go:105.42,106.63 1 0
course-go-avito-Orurh/internal/http/handlers/courier.go:107.10,108.79 1 0
course-go-avito-Orurh/internal/http/handlers/courier_convert.go:5.59,12.2 1 0
course-go-avito-Orurh/internal/http/handlers/courier_convert.go:14.71,22.2 1 0
course-go-avito-Orurh/internal/http/handlers/courier_convert.go:24.51,32.2 1 0
course-go-avito-Orurh/internal/http/handlers/courier_convert.go:34.59,36.25 2 0
course-go-avito-Orurh/internal/http/handlers/courier_convert.go:36.25,38.3 1 0
course-go-avito-Orurh/internal/http/handlers/courier_convert.go:39.2,39.12 1 0
course-go-avito-Orurh/internal/http/handlers/delivery.go:18.82,20.2 1 0
course-go-avito-Orurh/internal/http/handlers/delivery.go:23.74,25.49 2 0
course-go-avito-Orurh/internal/http/handlers/delivery.go:25.49,27.3 1 0
course-go-avito-Orurh/internal/http/handlers/delivery.go:29.2,30.9 2 0
course-go-avito-Orurh/internal/http/handlers/delivery.go:31.18,32.72 1 0
course-go-avito-Orurh/internal/http/handlers/delivery.go:33.41,34.69 1 0
course-go-avito-Orurh/internal/http/handlers/delivery.go:35.42,36.75 1 0
course-go-avito-Orurh/internal/http/handlers/delivery.go:37.10,38.79 1 0
course-go-avito-Orurh/internal/http/handlers/delivery.go:43.76,45.49 2 0
course-go-avito-Orurh/internal/http/handlers/delivery.go:45.49,47.3 1 0
course-go-avito-Orurh/internal/http/handlers/delivery.go:49.2,50.9 2 0
course-go-avito-Orurh/internal/http/handlers/delivery.go:51.18,52.74 1 0
course-go-avito-Orurh/internal/http/handlers/delivery.go:53.41,54.69 1 0
course-go-avito-Orurh/internal/http/handlers/delivery.go:55.42,56.72 1 0
course-go-avito-Orurh/internal/http/handlers/delivery.go:57.10,58.79 1 0
course-go-avito-Orurh/internal/http/handlers/delivery_convert.go:5.80,12.2 1 0
course-go-avito-Orurh/internal/http/handlers/delivery_convert.go:14.86,20.2 1 0
course-go-avito-Orurh/internal/http/handlers/handlers.go:15.40,17.2 1 0
course-go-avito-Orurh/internal/http/handlers/handlers.go:20.65,22.2 1 0
course-go-avito-Orurh/internal/http/handlers/handlers.go:25.76,27.2 1 0
course-go-avito-Orurh/internal/http/handlers/handlers.go:30.69,32.2 1 0
course-go-avito-Orurh/internal/http/handlers/helpers.go:17.40,18.46 1 0
course-go-avito-Orurh/internal/http/handlers/helpers.go:18.46,20.3 1 0
course-go-avito-Orurh/internal/http/handlers/helpers.go:21.2,21.12 1 0
course-go-avito-Orurh/internal/http/handlers/helpers.go:25.49,27.2 1 0
course-go-avito-Orurh/internal/http/handlers/helpers.go:29.95,36.38 6 0
course-go-avito-Orurh/internal/http/handlers/helpers.go:36.38,38.3 1 0
course-go-avito-Orurh/internal/http/handlers/helpers.go:45.101,49.2 3 0
course-go-avito-Orurh/internal/http/handlers/helpers.go:55.97,60.40 5 0
course-go-avito-Orurh/internal/http/handlers/helpers.go:60.40,63.27 2 0
course-go-avito-Orurh/internal/http/handlers/helpers.go:63.27,68.4 3 0
course-go-avito-Orurh/internal/http/handlers/helpers.go:70.3,75.15 3 0
course-go-avito-Orurh/internal/http/handlers/helpers.go:77.2,77.53 1 0
course-go-avito-Orurh/internal/http/handlers/helpers.go:77.53,81.3 3 0
course-go-avito-Orurh/internal/http/handlers/helpers.go:82.2,82.13 1 0
course-go-avito-Orurh/internal/http/handlers/helpers.go:85.61,88.27 3 0
course-go-avito-Orurh/internal/http/handlers/helpers.go:88.27,90.3 1 0
course-go-avito-Orurh/internal/http/handlers/helpers.go:91.2,91.16 1 0
course-go-avito-Orurh/internal/http/middleware/observability.go:34.13,36.2 1 0
course-go-avito-Orurh/internal/http/middleware/observability.go:39.72,40.46 1 0
course-go-avito-Orurh/internal/http/middleware/observability.go:40.46,41.72 1 0
course-go-avito-Orurh/internal/http/middleware/observability.go:41.72,58.4 9 0
course-go-avito-Orurh/internal/http/middleware/observability.go:62.42,64.15 2 0
course-go-avito-Orurh/internal/http/middleware/observability.go:64.15,65.38 1 0
course-go-avito-Orurh/internal/http/middleware/observability.go:65.38,67.4 1 0
course-go-avito-Orurh/internal/http/middleware/observability.go:69.2,69.19 1 0
course-go-avito-Orurh/internal/http/router/router.go:16.115,39.2 17 0
course-go-avito-Orurh/internal/logx/adapter.go:9.44,11.2 1 0
course-go-avito-Orurh/internal/logx/adapter.go:13.58,13.99 1 0
course-go-avito-Orurh/internal/logx/adapter.go:14.58,14.98 1 0
course-go-avito-Orurh/internal/logx/adapter.go:15.58,15.98 1 0
course-go-avito-Orurh/internal/logx/adapter.go:16.58,16.99 1 0
course-go-avito-Orurh/internal/logx/adapter.go:18.52,20.2 1 0
course-go-avito-Orurh/internal/logx/adapter.go:22.36,22.50 1 0
course-go-avito-Orurh/internal/logx/adapter.go:24.39,26.27 2 0
course-go-avito-Orurh/internal/logx/adapter.go:26.27,28.3 1 0
course-go-avito-Orurh/internal/logx/adapter.go:29.2,29.13 1 0
course-go-avito-Orurh/internal/logx/contracts.go:19.39,21.2 1 0
course-go-avito-Orurh/internal/logx/contracts.go:23.38,25.2 1 0
course-go-avito-Orurh/internal/logx/contracts.go:27.39,29.2 1 0
course-go-avito-Orurh/internal/logx/contracts.go:31.43,33.2 1 0
course-go-avito-Orurh/internal/logx/contracts.go:35.46,37.2 1 0
course-go-avito-Orurh/internal/logx/contracts.go:39.54,41.2 1 0
course-go-avito-Orurh/internal/logx/nop.go:5.19,5.41 1 0
course-go-avito-Orurh/internal/logx/nop.go:7.43,7.44 0 0
course-go-avito-Orurh/internal/logx/nop.go:8.43,8.44 0 0
course-go-avito-Orurh/internal/logx/nop.go:9.43,9.44 0 0
course-go-avito-Orurh/internal/logx/nop.go:10.43,10.44 0 0
course-go-avito-Orurh/internal/logx/nop.go:12.40,12.62 1 0
course-go-avito-Orurh/internal/logx/nop.go:13.40,13.54 1 0
course-go-avito-Orurh/internal/proto/orders.pb.go:37.25,42.2 4 0
course-go-avito-Orurh/internal/proto/orders.pb.go:44.33,46.2 1 0
course-go-avito-Orurh/internal/proto/orders.pb.go:48.31,48.32 0 0
course-go-avito-Orurh/internal/proto/orders.pb.go:50.53,52.14 2 0
course-go-avito-Orurh/internal/proto/orders.pb.go:52.14,54.34 2 0
course-go-avito-Orurh/internal/proto/orders.pb.go:54.34,56.4 1 0
course-go-avito-Orurh/internal/proto/orders.pb.go:57.3,57.12 1 0
course-go-avito-Orurh/internal/proto/orders.pb.go:59.2,59.24 1 0
course-go-avito-Orurh/internal/proto/orders.pb.go:63.44,65.2 1 0
course-go-avito-Orurh/internal/proto/orders.pb.go:67.32,68.14 1 0
course-go-avito-Orurh/internal/proto/orders.pb.go:68.14,70.3 1 0
course-go-avito-Orurh/internal/proto/orders.pb.go:71.2,71.11 1 0
course-go-avito-Orurh/internal/proto/orders.pb.go:74.36,75.14 1 0
course-go-avito-Orurh/internal/proto/orders.pb.go:75.14,77.3 1 0
course-go-avito-Orurh/internal/proto/orders.pb.go:78.2,78.11 1 0
course-go-avito-Orurh/internal/proto/orders.pb.go:81.55,82.14 1 0
course-go-avito-Orurh/internal/proto/orders.pb.go:82.14,84.3 1 0
course-go-avito-Orurh/internal/proto/orders.pb.go:85.2,85.12 1 0
course-go-avito-Orurh/internal/proto/orders.pb.go:96.36,101.2 4 0
course-go-avito-Orurh/internal/proto/orders.pb.go:103.44,105.2 1 0
course-go-avito-Orurh/internal/proto/orders.pb.go:107.42,107.43 0 0
course-go-avito-Orurh/internal/proto/orders.pb.go:109.64,111.14 2 0
course-go-avito-Orurh/internal/proto/orders.pb.go:111.14,113.34 2 0
course-go-avito-Orurh/internal/proto/orders.pb.go:113.34,115.4 1 0
course-go-avito-Orurh/internal/proto/orders.pb.go:116.3,116.12 1 0
course-go-avito-Orurh/internal/proto/orders.pb.go:118.2,118.24 1 0
course-go-avito-Orurh/internal/proto/orders.pb.go:122.55,124.2 1 0
course-go-avito-Orurh/internal/proto/orders.pb.go:126.61,127.14 1 0
course-go-avito-Orurh/internal/proto/orders.pb.go:127.14,129.3 1 0
course-go-avito-Orurh/internal/proto/orders.pb.go:130.2,130.12 1 0
course-go-avito-Orurh/internal/proto/orders.pb.go:141.39,146.2 4 0
course-go-avito-Orurh/internal/proto/orders.pb.go:148.47,150.2 1 0
course-go-avito-Orurh/internal/proto/orders.pb.go:152.45,152.46 0 0
course-go-avito-Orurh/internal/proto/orders.pb.go:154.67,156.14 2 0
course-go-avito-Orurh/internal/proto/orders.pb.go:156.14,158.34 2 0
course-go-avito-Orurh/internal/proto/orders.pb.go:158.34,160.4 1 0
course-go-avito-Orurh/internal/proto/orders.pb.go:161.3,161.12 1 0
course-go-avito-Orurh/internal/proto/orders.pb.go:163.2,163.24 1 0
course-go-avito-Orurh/internal/proto/orders.pb.go:167.58,169.2 1 0
course-go-avito-Orurh/internal/proto/orders.pb.go:171.46,172.14 1 0
course-go-avito-Orurh/internal/proto/orders.pb.go:172.14,174.3 1 0
course-go-avito-Orurh/internal/proto/orders.pb.go:175.2,175.11 1 0
course-go-avito-Orurh/internal/proto/orders.pb.go:186.37,191.2 4 0
course-go-avito-Orurh/internal/proto/orders.pb.go:193.45,195.2 1 0
course-go-avito-Orurh/internal/proto/orders.pb.go:197.43,197.44 0 0
course-go-avito-Orurh/internal/proto/orders.pb.go:199.65,201.14 2 0
course-go-avito-Orurh/internal/proto/orders.pb.go:201.14,203.34 2 0
course-go-avito-Orurh/internal/proto/orders.pb.go:203.34,205.4 1 0
course-go-avito-Orurh/internal/proto/orders.pb.go:206.3,206.12 1 0
course-go-avito-Orurh/internal/proto/orders.pb.go:208.2,208.24 1 0
course-go-avito-Orurh/internal/proto/orders.pb.go:212.56,214.2 1 0
course-go-avito-Orurh/internal/proto/orders.pb.go:216.50,217.14 1 0
course-go-avito-Orurh/internal/proto/orders.pb.go:217.14,219.3 1 0
course-go-avito-Orurh/internal/proto/orders.pb.go:220.2,220.12 1 0
course-go-avito-Orurh/internal/proto/orders.pb.go:231.40,236.2 4 0
course-go-avito-Orurh/internal/proto/orders.pb.go:238.48,240.2 1 0
course-go-avito-Orurh/internal/proto/orders.pb.go:242.46,242.47 0 0
course-go-avito-Orurh/internal/proto/orders.pb.go:244.68,246.14 2 0
course-go-avito-Orurh/internal/proto/orders.pb.go:246.14,248.34 2 0
course-go-avito-Orurh/internal/proto/orders.pb.go:248.34,250.4 1 0
course-go-avito-Orurh/internal/proto/orders.pb.go:251.3,251.12 1 0
course-go-avito-Orurh/internal/proto/orders.pb.go:253.2,253.24 1 0
course-go-avito-Orurh/internal/proto/orders.pb.go:257.59,259.2 1 0
course-go-avito-Orurh/internal/proto/orders.pb.go:261.50,262.14 1 0
course-go-avito-Orurh/internal/proto/orders.pb.go:262.14,264.3 1 0
course-go-avito-Orurh/internal/proto/orders.pb.go:265.2,265.12 1 0
course-go-avito-Orurh/internal/proto/orders.pb.go:296.45,297.42 1 0
course-go-avito-Orurh/internal/proto/orders.pb.go:297.42,299.3 1 0
course-go-avito-Orurh/internal/proto/orders.pb.go:300.2,300.38 1 0
course-go-avito-Orurh/internal/proto/orders.pb.go:331.13,331.41 1 0
course-go-avito-Orurh/internal/proto/orders.pb.go:332.31,333.30 1 0
course-go-avito-Orurh/internal/proto/orders.pb.go:333.30,335.3 1 0
course-go-avito-Orurh/internal/proto/orders.pb.go:336.2,352.33 5 0
course-go-avito-Orurh/internal/proto/orders_grpc.pb.go:41.78,43.2 1 0
course-go-avito-Orurh/internal/proto/orders_grpc.pb.go:45.137,49.16 4 0
course-go-avito-Orurh/internal/proto/orders_grpc.pb.go:49.16,51.3 1 0
course-go-avito-Orurh/internal/proto/orders_grpc.pb.go:52.2,52.17 1 0
course-go-avito-Orurh/internal/proto/orders_grpc.pb.go:55.146,59.16 4 0
course-go-avito-Orurh/internal/proto/orders_grpc.pb.go:59.16,61.3 1 0
course-go-avito-Orurh/internal/proto/orders_grpc.pb.go:62.2,62.17 1 0
course-go-avito-Orurh/internal/proto/orders_grpc.pb.go:83.115,85.2 1 0
course-go-avito-Orurh/internal/proto/orders_grpc.pb.go:87.124,89.2 1 0
course-go-avito-Orurh/internal/proto/orders_grpc.pb.go:90.86,90.87 0 0
course-go-avito-Orurh/internal/proto/orders_grpc.pb.go:91.86,91.87 0 0
course-go-avito-Orurh/internal/proto/orders_grpc.pb.go:100.84,105.59 1 0
course-go-avito-Orurh/internal/proto/orders_grpc.pb.go:105.59,107.3 1 0
course-go-avito-Orurh/internal/proto/orders_grpc.pb.go:108.2,108.52 1 0
course-go-avito-Orurh/internal/proto/orders_grpc.pb.go:111.168,113.32 2 0
course-go-avito-Orurh/internal/proto/orders_grpc.pb.go:113.32,115.3 1 0
course-go-avito-Orurh/internal/proto/orders_grpc.pb.go:116.2,116.24 1 0
course-go-avito-Orurh/internal/proto/orders_grpc.pb.go:116.24,118.3 1 0
course-go-avito-Orurh/internal/proto/orders_grpc.pb.go:119.2,123.77 2 0
course-go-avito-Orurh/internal/proto/orders_grpc.pb.go:123.77,125.3 1 0
course-go-avito-Orurh/internal/proto/orders_grpc.pb.go:126.2,126.44 1 0
course-go-avito-Orurh/internal/proto/orders_grpc.pb.go:129.171,131.32 2 0
course-go-avito-Orurh/internal/proto/orders_grpc.pb.go:131.32,133.3 1 0
course-go-avito-Orurh/internal/proto/orders_grpc.pb.go:134.2,134.24 1 0
course-go-avito-Orurh/internal/proto/orders_grpc.pb.go:134.24,136.3 1 0
course-go-avito-Orurh/internal/proto/orders_grpc.pb.go:137.2,141.77 2 0
course-go-avito-Orurh/internal/proto/orders_grpc.pb.go:141.77,143.3 1 0
course-go-avito-Orurh/internal/proto/orders_grpc.pb.go:144.2,144.44 1 0
course-go-avito-Orurh/internal/repository/courier.go:17.52,17.83 1 0
course-go-avito-Orurh/internal/repository/courier.go:20.83,25.16 3 0
course-go-avito-Orurh/internal/repository/courier.go:25.16,26.22 1 0
course-go-avito-Orurh/internal/repository/courier.go:26.22,28.4 1 0
course-go-avito-Orurh/internal/repository/courier.go:29.3,29.56 1 0
course-go-avito-Orurh/internal/repository/courier.go:31.2,31.16 1 0
course-go-avito-Orurh/internal/repository/courier.go:35.95,38.18 3 0
course-go-avito-Orurh/internal/repository/courier.go:38.18,41.3 2 0
course-go-avito-Orurh/internal/repository/courier.go:42.2,42.19 1 0
course-go-avito-Orurh/internal/repository/courier.go:42.19,45.3 2 0
course-go-avito-Orurh/internal/repository/courier.go:47.2,48.16 2 0
course-go-avito-Orurh/internal/repository/courier.go:48.16,50.3 1 0
course-go-avito-Orurh/internal/repository/courier.go:51.2,53.32 3 0
course-go-avito-Orurh/internal/repository/courier.go:53.32,55.3 1 0
course-go-avito-Orurh/internal/repository/courier.go:56.2,57.18 2 0
course-go-avito-Orurh/internal/repository/courier.go:57.18,59.90 2 0
course-go-avito-Orurh/internal/repository/courier.go:59.90,61.4 1 0
course-go-avito-Orurh/internal/repository/courier.go:62.3,62.23 1 0
course-go-avito-Orurh/internal/repository/courier.go:64.2,64.24 1 0
course-go-avito-Orurh/internal/repository/courier.go:68.85,73.16 3 0
course-go-avito-Orurh/internal/repository/courier.go:73.16,74.23 1 0
course-go-avito-Orurh/internal/repository/courier.go:74.23,76.4 1 0
course-go-avito-Orurh/internal/repository/courier.go:77.3,77.50 1 0
course-go-avito-Orurh/internal/repository/courier.go:79.2,79.16 1 0
course-go-avito-Orurh/internal/repository/courier.go:83.103,94.16 2 0
course-go-avito-Orurh/internal/repository/courier.go:94.16,95.23 1 0
course-go-avito-Orurh/internal/repository/courier.go:95.23,97.4 1 0
course-go-avito-Orurh/internal/repository/courier.go:98.3,98.63 1 0
course-go-avito-Orurh/internal/repository/courier.go:100.2,100.35 1 0
course-go-avito-Orurh/internal/repository/db.go:10.70,12.16 2 0
course-go-avito-Orurh/internal/repository/db.go:12.16,14.3 1 0
course-go-avito-Orurh/internal/repository/db.go:15.2,15.39 1 0
course-go-avito-Orurh/internal/repository/db.go:15.39,18.3 2 0
course-go-avito-Orurh/internal/repository/db.go:19.2,19.18 1 0
course-go-avito-Orurh/internal/repository/delivery.go:21.54,23.2 1 0
course-go-avito-Orurh/internal/repository/delivery.go:26.99,28.16 2 0
course-go-avito-Orurh/internal/repository/delivery.go:28.16,30.3 1 0
course-go-avito-Orurh/internal/repository/delivery.go:32.2,34.36 2 0
course-go-avito-Orurh/internal/repository/delivery.go:34.36,35.46 1 0
course-go-avito-Orurh/internal/repository/delivery.go:35.46,37.4 1 0
course-go-avito-Orurh/internal/repository/delivery.go:38.3,38.13 1 0
course-go-avito-Orurh/internal/repository/delivery.go:41.2,41.39 1 0
course-go-avito-Orurh/internal/repository/delivery.go:41.39,43.3 1 0
course-go-avito-Orurh/internal/repository/delivery.go:45.2,45.12 1 0
course-go-avito-Orurh/internal/repository/delivery.go:53.94,66.88 3 0
course-go-avito-Orurh/internal/repository/delivery.go:66.88,67.22 1 0
course-go-avito-Orurh/internal/repository/delivery.go:67.22,69.4 1 0
course-go-avito-Orurh/internal/repository/delivery.go:70.3,70.60 1 0
course-go-avito-Orurh/internal/repository/delivery.go:72.2,72.16 1 0
course-go-avito-Orurh/internal/repository/delivery.go:76.104,82.16 2 0
course-go-avito-Orurh/internal/repository/delivery.go:82.16,84.3 1 0
course-go-avito-Orurh/internal/repository/delivery.go:85.2,85.28 1 0
course-go-avito-Orurh/internal/repository/delivery.go:85.28,87.3 1 0
course-go-avito-Orurh/internal/repository/delivery.go:88.2,88.12 1 0
course-go-avito-Orurh/internal/repository/delivery.go:92.80,98.16 2 0
course-go-avito-Orurh/internal/repository/delivery.go:98.16,100.3 1 0
course-go-avito-Orurh/internal/repository/delivery.go:101.2,101.12 1 0
course-go-avito-Orurh/internal/repository/delivery.go:105.94,113.94 3 0
course-go-avito-Orurh/internal/repository/delivery.go:113.94,114.22 1 0
course-go-avito-Orurh/internal/repository/delivery.go:114.22,116.4 1 0
course-go-avito-Orurh/internal/repository/delivery.go:117.3,117.71 1 0
course-go-avito-Orurh/internal/repository/delivery.go:119.2,119.16 1 0
course-go-avito-Orurh/internal/repository/delivery.go:123.77,125.16 2 0
course-go-avito-Orurh/internal/repository/delivery.go:125.16,127.3 1 0
course-go-avito-Orurh/internal/repository/delivery.go:128.2,128.28 1 0
course-go-avito-Orurh/internal/repository/delivery.go:128.28,130.3 1 0
course-go-avito-Orurh/internal/repository/delivery.go:131.2,131.12 1 0
course-go-avito-Orurh/internal/repository/delivery.go:135.91,147.16 2 0
course-go-avito-Orurh/internal/repository/delivery.go:147.16,149.3 1 0
course-go-avito-Orurh/internal/repository/delivery.go:150.2,150.32 1 0
course-go-avito-Orurh/internal/repository/errors.go:11.34,14.2 2 0
course-go-avito-Orurh/internal/repository/errors.go:17.33,19.2 1 0
course-go-avito-Orurh/internal/service/courier/courier.go:19.70,20.18 1 0
course-go-avito-Orurh/internal/service/courier/courier.go:20.18,22.3 1 0
course-go-avito-Orurh/internal/service/courier/courier.go:23.2,23.53 1 0
course-go-avito-Orurh/internal/service/courier/courier.go:26.90,28.2 1 0
course-go-avito-Orurh/internal/service/courier/courier.go:30.46,31.14 1 0
course-go-avito-Orurh/internal/service/courier/courier.go:31.14,33.3 1 0
course-go-avito-Orurh/internal/service/courier/courier.go:34.2,34.37 1 0
course-go-avito-Orurh/internal/service/courier/courier.go:34.37,36.3 1 0
course-go-avito-Orurh/internal/service/courier/courier.go:37.2,37.36 1 0
course-go-avito-Orurh/internal/service/courier/courier.go:37.36,39.3 1 0
course-go-avito-Orurh/internal/service/courier/courier.go:40.2,40.45 1 0
course-go-avito-Orurh/internal/service/courier/courier.go:40.45,42.3 1 0
course-go-avito-Orurh/internal/service/courier/courier.go:43.2,43.27 1 0
course-go-avito-Orurh/internal/service/courier/courier.go:43.27,45.3 1 0
course-go-avito-Orurh/internal/service/courier/courier.go:46.2,46.59 1 0
course-go-avito-Orurh/internal/service/courier/courier.go:46.59,48.3 1 0
course-go-avito-Orurh/internal/service/courier/courier.go:49.2,49.12 1 0
course-go-avito-Orurh/internal/service/courier/courier.go:52.59,53.15 1 0
course-go-avito-Orurh/internal/service/courier/courier.go:53.15,55.3 1 0
course-go-avito-Orurh/internal/service/courier/courier.go:56.2,56.82 1 0
course-go-avito-Orurh/internal/service/courier/courier.go:56.82,58.3 1 0
course-go-avito-Orurh/internal/service/courier/courier.go:59.2,59.55 1 0
course-go-avito-Orurh/internal/service/courier/courier.go:59.55,61.3 1 0
course-go-avito-Orurh/internal/service/courier/courier.go:62.2,62.55 1 0
course-go-avito-Orurh/internal/service/courier/courier.go:62.55,64.3 1 0
course-go-avito-Orurh/internal/service/courier/courier.go:65.2,65.65 1 0
course-go-avito-Orurh/internal/service/courier/courier.go:65.65,67.3 1 0
course-go-avito-Orurh/internal/service/courier/courier.go:68.2,68.86 1 0
course-go-avito-Orurh/internal/service/courier/courier.go:68.86,70.3 1 0
course-go-avito-Orurh/internal/service/courier/courier.go:71.2,71.12 1 0
course-go-avito-Orurh/internal/service/courier/courier.go:75.79,79.16 4 0
course-go-avito-Orurh/internal/service/courier/courier.go:79.16,81.3 1 0
course-go-avito-Orurh/internal/service/courier/courier.go:82.2,82.14 1 0
course-go-avito-Orurh/internal/service/courier/courier.go:82.14,84.3 1 0
course-go-avito-Orurh/internal/service/courier/courier.go:85.2,85.15 1 0
course-go-avito-Orurh/internal/service/courier/courier.go:89.91,93.2 3 0
course-go-avito-Orurh/internal/service/courier/courier.go:96.81,97.42 1 0
course-go-avito-Orurh/internal/service/courier/courier.go:97.42,99.3 1 0
course-go-avito-Orurh/internal/service/courier/courier.go:100.2,102.30 3 0
course-go-avito-Orurh/internal/service/courier/courier.go:106.99,107.43 1 0
[...]
course-go-avito-Orurh/internal/proto/orders.pb.go:261.50,262.14 1 0
course-go-avito-Orurh/internal/proto/orders.pb.go:262.14,264.3 1 0
course-go-avito-Orurh/internal/proto/orders.pb.go:265.2,265.12 1 0
course-go-avito-Orurh/internal/proto/orders.pb.go:296.45,297.42 1 0
course-go-avito-Orurh/internal/proto/orders.pb.go:297.42,299.3 1 0
course-go-avito-Orurh/internal/proto/orders.pb.go:300.2,300.38 1 0
course-go-avito-Orurh/internal/proto/orders.pb.go:331.13,331.41 1 0
course-go-avito-Orurh/internal/proto/orders.pb.go:332.31,333.30 1 0
course-go-avito-Orurh/internal/proto/orders.pb.go:333.30,335.3 1 0
course-go-avito-Orurh/internal/proto/orders.pb.go:336.2,352.33 5 0
course-go-avito-Orurh/internal/proto/orders_grpc.pb.go:41.78,43.2 1 0
course-go-avito-Orurh/internal/proto/orders_grpc.pb.go:45.137,49.16 4 0
course-go-avito-Orurh/internal/proto/orders_grpc.pb.go:49.16,51.3 1 0
course-go-avito-Orurh/internal/proto/orders_grpc.pb.go:52.2,52.17 1 0
course-go-avito-Orurh/internal/proto/orders_grpc.pb.go:55.146,59.16 4 0
course-go-avito-Orurh/internal/proto/orders_grpc.pb.go:59.16,61.3 1 0
course-go-avito-Orurh/internal/proto/orders_grpc.pb.go:62.2,62.17 1 0
course-go-avito-Orurh/internal/proto/orders_grpc.pb.go:83.115,85.2 1 0
course-go-avito-Orurh/internal/proto/orders_grpc.pb.go:87.124,89.2 1 0
course-go-avito-Orurh/internal/proto/orders_grpc.pb.go:90.86,90.87 0 0
course-go-avito-Orurh/internal/proto/orders_grpc.pb.go:91.86,91.87 0 0
course-go-avito-Orurh/internal/proto/orders_grpc.pb.go:100.84,105.59 1 0
course-go-avito-Orurh/internal/proto/orders_grpc.pb.go:105.59,107.3 1 0
course-go-avito-Orurh/internal/proto/orders_grpc.pb.go:108.2,108.52 1 0
course-go-avito-Orurh/internal/proto/orders_grpc.pb.go:111.168,113.32 2 0
course-go-avito-Orurh/internal/proto/orders_grpc.pb.go:113.32,115.3 1 0
course-go-avito-Orurh/internal/proto/orders_grpc.pb.go:116.2,116.24 1 0
course-go-avito-Orurh/internal/proto/orders_grpc.pb.go:116.24,118.3 1 0
course-go-avito-Orurh/internal/proto/orders_grpc.pb.go:119.2,123.77 2 0
course-go-avito-Orurh/internal/proto/orders_grpc.pb.go:123.77,125.3 1 0
course-go-avito-Orurh/internal/proto/orders_grpc.pb.go:126.2,126.44 1 0
course-go-avito-Orurh/internal/proto/orders_grpc.pb.go:129.171,131.32 2 0
course-go-avito-Orurh/internal/proto/orders_grpc.pb.go:131.32,133.3 1 0
course-go-avito-Orurh/internal/proto/orders_grpc.pb.go:134.2,134.24 1 0
course-go-avito-Orurh/internal/proto/orders_grpc.pb.go:134.24,136.3 1 0
course-go-avito-Orurh/internal/proto/orders_grpc.pb.go:137.2,141.77 2 0
course-go-avito-Orurh/internal/proto/orders_grpc.pb.go:141.77,143.3 1 0
course-go-avito-Orurh/internal/proto/orders_grpc.pb.go:144.2,144.44 1 0
course-go-avito-Orurh/internal/repository/courier.go:17.52,17.83 1 2
course-go-avito-Orurh/internal/repository/courier.go:20.83,25.16 3 6
course-go-avito-Orurh/internal/repository/courier.go:25.16,26.22 1 1
course-go-avito-Orurh/internal/repository/courier.go:26.22,28.4 1 1
course-go-avito-Orurh/internal/repository/courier.go:29.3,29.56 1 0
course-go-avito-Orurh/internal/repository/courier.go:31.2,31.16 1 5
course-go-avito-Orurh/internal/repository/courier.go:35.95,38.18 3 1
course-go-avito-Orurh/internal/repository/courier.go:38.18,41.3 2 1
course-go-avito-Orurh/internal/repository/courier.go:42.2,42.19 1 1
course-go-avito-Orurh/internal/repository/courier.go:42.19,45.3 2 1
course-go-avito-Orurh/internal/repository/courier.go:47.2,48.16 2 1
course-go-avito-Orurh/internal/repository/courier.go:48.16,50.3 1 0
course-go-avito-Orurh/internal/repository/courier.go:51.2,53.32 3 1
course-go-avito-Orurh/internal/repository/courier.go:53.32,55.3 1 1
course-go-avito-Orurh/internal/repository/courier.go:56.2,57.18 2 1
course-go-avito-Orurh/internal/repository/courier.go:57.18,59.90 2 2
course-go-avito-Orurh/internal/repository/courier.go:59.90,61.4 1 0
course-go-avito-Orurh/internal/repository/courier.go:62.3,62.23 1 2
course-go-avito-Orurh/internal/repository/courier.go:64.2,64.24 1 1
course-go-avito-Orurh/internal/repository/courier.go:68.85,73.16 3 19
course-go-avito-Orurh/internal/repository/courier.go:73.16,74.23 1 1
course-go-avito-Orurh/internal/repository/courier.go:74.23,76.4 1 1
course-go-avito-Orurh/internal/repository/courier.go:77.3,77.50 1 0
course-go-avito-Orurh/internal/repository/courier.go:79.2,79.16 1 18
course-go-avito-Orurh/internal/repository/courier.go:83.103,94.16 2 2
course-go-avito-Orurh/internal/repository/courier.go:94.16,95.23 1 1
course-go-avito-Orurh/internal/repository/courier.go:95.23,97.4 1 1
course-go-avito-Orurh/internal/repository/courier.go:98.3,98.63 1 0
course-go-avito-Orurh/internal/repository/courier.go:100.2,100.35 1 1
course-go-avito-Orurh/internal/repository/db.go:10.70,12.16 2 3
course-go-avito-Orurh/internal/repository/db.go:12.16,14.3 1 1
course-go-avito-Orurh/internal/repository/db.go:15.2,15.39 1 2
course-go-avito-Orurh/internal/repository/db.go:15.39,18.3 2 1
course-go-avito-Orurh/internal/repository/db.go:19.2,19.18 1 1
course-go-avito-Orurh/internal/repository/delivery.go:21.54,23.2 1 1
course-go-avito-Orurh/internal/repository/delivery.go:26.99,28.16 2 10
course-go-avito-Orurh/internal/repository/delivery.go:28.16,30.3 1 0
course-go-avito-Orurh/internal/repository/delivery.go:32.2,34.36 2 10
course-go-avito-Orurh/internal/repository/delivery.go:34.36,35.46 1 2
course-go-avito-Orurh/internal/repository/delivery.go:35.46,37.4 1 0
course-go-avito-Orurh/internal/repository/delivery.go:38.3,38.13 1 2
course-go-avito-Orurh/internal/repository/delivery.go:41.2,41.39 1 8
course-go-avito-Orurh/internal/repository/delivery.go:41.39,43.3 1 0
course-go-avito-Orurh/internal/repository/delivery.go:45.2,45.12 1 8
course-go-avito-Orurh/internal/repository/delivery.go:53.94,66.88 3 2
course-go-avito-Orurh/internal/repository/delivery.go:66.88,67.22 1 1
course-go-avito-Orurh/internal/repository/delivery.go:67.22,69.4 1 1
course-go-avito-Orurh/internal/repository/delivery.go:70.3,70.60 1 0
course-go-avito-Orurh/internal/repository/delivery.go:72.2,72.16 1 1
course-go-avito-Orurh/internal/repository/delivery.go:76.104,82.16 2 2
course-go-avito-Orurh/internal/repository/delivery.go:82.16,84.3 1 0
course-go-avito-Orurh/internal/repository/delivery.go:85.2,85.28 1 2
course-go-avito-Orurh/internal/repository/delivery.go:85.28,87.3 1 1
course-go-avito-Orurh/internal/repository/delivery.go:88.2,88.12 1 1
course-go-avito-Orurh/internal/repository/delivery.go:92.80,98.16 2 2
course-go-avito-Orurh/internal/repository/delivery.go:98.16,100.3 1 0
course-go-avito-Orurh/internal/repository/delivery.go:101.2,101.12 1 2
course-go-avito-Orurh/internal/repository/delivery.go:105.94,113.94 3 3
course-go-avito-Orurh/internal/repository/delivery.go:113.94,114.22 1 1
course-go-avito-Orurh/internal/repository/delivery.go:114.22,116.4 1 1
course-go-avito-Orurh/internal/repository/delivery.go:117.3,117.71 1 0
course-go-avito-Orurh/internal/repository/delivery.go:119.2,119.16 1 2
course-go-avito-Orurh/internal/repository/delivery.go:123.77,125.16 2 2
course-go-avito-Orurh/internal/repository/delivery.go:125.16,127.3 1 0
course-go-avito-Orurh/internal/repository/delivery.go:128.2,128.28 1 2
course-go-avito-Orurh/internal/repository/delivery.go:128.28,130.3 1 1
course-go-avito-Orurh/internal/repository/delivery.go:131.2,131.12 1 1
course-go-avito-Orurh/internal/repository/delivery.go:135.91,147.16 2 1
course-go-avito-Orurh/internal/repository/delivery.go:147.16,149.3 1 0
course-go-avito-Orurh/internal/repository/delivery.go:150.2,150.32 1 1
course-go-avito-Orurh/internal/repository/errors.go:11.34,14.2 2 2
course-go-avito-Orurh/internal/repository/errors.go:17.33,19.2 1 3
course-go-avito-Orurh/internal/service/courier/courier.go:19.70,20.18 1 0
course-go-avito-Orurh/internal/service/courier/courier.go:20.18,22.3 1 0
course-go-avito-Orurh/internal/service/courier/courier.go:23.2,23.53 1 0
course-go-avito-Orurh/internal/service/courier/courier.go:26.90,28.2 1 0
course-go-avito-Orurh/internal/service/courier/courier.go:30.46,31.14 1 0
course-go-avito-Orurh/internal/service/courier/courier.go:31.14,33.3 1 0
course-go-avito-Orurh/internal/service/courier/courier.go:34.2,34.37 1 0
course-go-avito-Orurh/internal/service/courier/courier.go:34.37,36.3 1 0
course-go-avito-Orurh/internal/service/courier/courier.go:37.2,37.36 1 0
course-go-avito-Orurh/internal/service/courier/courier.go:37.36,39.3 1 0
course-go-avito-Orurh/internal/service/courier/courier.go:40.2,40.45 1 0
course-go-avito-Orurh/internal/service/courier/courier.go:40.45,42.3 1 0
course-go-avito-Orurh/internal/service/courier/courier.go:43.2,43.27 1 0
course-go-avito-Orurh/internal/service/courier/courier.go:43.27,45.3 1 0
course-go-avito-Orurh/internal/service/courier/courier.go:46.2,46.59 1 0
course-go-avito-Orurh/internal/service/courier/courier.go:46.59,48.3 1 0
course-go-avito-Orurh/internal/service/courier/courier.go:49.2,49.12 1 0
course-go-avito-Orurh/internal/service/courier/courier.go:52.59,53.15 1 0
course-go-avito-Orurh/internal/service/courier/courier.go:53.15,55.3 1 0
course-go-avito-Orurh/internal/service/courier/courier.go:56.2,56.82 1 0
course-go-avito-Orurh/internal/service/courier/courier.go:56.82,58.3 1 0
course-go-avito-Orurh/internal/service/courier/courier.go:59.2,59.55 1 0
course-go-avito-Orurh/internal/service/courier/courier.go:59.55,61.3 1 0
course-go-avito-Orurh/internal/service/courier/courier.go:62.2,62.55 1 0
course-go-avito-Orurh/internal/service/courier/courier.go:62.55,64.3 1 0
course-go-avito-Orurh/internal/service/courier/courier.go:65.2,65.65 1 0
course-go-avito-Orurh/internal/service/courier/courier.go:65.65,67.3 1 0
course-go-avito-Orurh/internal/service/courier/courier.go:68.2,68.86 1 0
course-go-avito-Orurh/internal/service/courier/courier.go:68.86,70.3 1 0
course-go-avito-Orurh/internal/service/courier/courier.go:71.2,71.12 1 0
course-go-avito-Orurh/internal/service/courier/courier.go:75.79,79.16 4 0
course-go-avito-Orurh/internal/service/courier/courier.go:79.16,81.3 1 0
course-go-avito-Orurh/internal/service/courier/courier.go:82.2,82.14 1 0
course-go-avito-Orurh/internal/service/courier/courier.go:82.14,84.3 1 0
course-go-avito-Orurh/internal/service/courier/courier.go:85.2,85.15 1 0
course-go-avito-Orurh/internal/service/courier/courier.go:89.91,93.2 3 0
course-go-avito-Orurh/internal/service/courier/courier.go:96.81,97.42 1 0
course-go-avito-Orurh/internal/service/courier/courier.go:97.42,99.3 1 0
course-go-avito-Orurh/internal/service/courier/courier.go:100.2,102.30 3 0
course-go-avito-Orurh/internal/service/courier/courier.go:106.99,107.43 1 0
course-go-avito-Orurh/internal/service/courier/courier.go:107.43,109.3 1 0
course-go-avito-Orurh/internal/service/courier/courier.go:110.2,113.16 4 0
course-go-avito-Orurh/internal/service/courier/courier.go:113.16,115.3 1 0
course-go-avito-Orurh/internal/service/courier/courier.go:116.2,116.9 1 0
course-go-avito-Orurh/internal/service/courier/courier.go:116.9,118.3 1 0
course-go-avito-Orurh/internal/service/courier/courier.go:119.2,119.18 1 0
course-go-avito-Orurh/internal/service/delivery/factory.go:13.35,15.2 1 0
course-go-avito-Orurh/internal/service/delivery/factory.go:18.109,19.19 1 0
course-go-avito-Orurh/internal/service/delivery/factory.go:20.32,21.40 1 0
course-go-avito-Orurh/internal/service/delivery/factory.go:22.35,23.40 1 0
course-go-avito-Orurh/internal/service/delivery/factory.go:24.31,25.39 1 0
course-go-avito-Orurh/internal/service/delivery/factory.go:26.10,27.74 1 0
course-go-avito-Orurh/internal/service/delivery/usecase.go:21.90,23.2 1 0
course-go-avito-Orurh/internal/service/delivery/usecase.go:26.114,27.18 1 0
course-go-avito-Orurh/internal/service/delivery/usecase.go:27.18,29.3 1 0
course-go-avito-Orurh/internal/service/delivery/usecase.go:30.2,35.3 1 0
course-go-avito-Orurh/internal/service/delivery/usecase.go:39.92,41.16 2 0
course-go-avito-Orurh/internal/service/delivery/usecase.go:41.16,43.3 1 0
course-go-avito-Orurh/internal/service/delivery/usecase.go:45.2,50.55 4 0
course-go-avito-Orurh/internal/service/delivery/usecase.go:50.55,52.17 2 0
course-go-avito-Orurh/internal/service/delivery/usecase.go:52.17,54.4 1 0
course-go-avito-Orurh/internal/service/delivery/usecase.go:55.3,55.21 1 0
course-go-avito-Orurh/internal/service/delivery/usecase.go:55.21,57.4 1 0
course-go-avito-Orurh/internal/service/delivery/usecase.go:59.3,61.17 3 0
course-go-avito-Orurh/internal/service/delivery/usecase.go:61.17,63.4 1 0
course-go-avito-Orurh/internal/service/delivery/usecase.go:65.3,71.51 2 0
course-go-avito-Orurh/internal/service/delivery/usecase.go:71.51,73.4 1 0
course-go-avito-Orurh/internal/service/delivery/usecase.go:75.3,75.84 1 0
course-go-avito-Orurh/internal/service/delivery/usecase.go:75.84,77.4 1 0
course-go-avito-Orurh/internal/service/delivery/usecase.go:79.3,86.13 2 0
course-go-avito-Orurh/internal/service/delivery/usecase.go:88.2,88.16 1 0
course-go-avito-Orurh/internal/service/delivery/usecase.go:88.16,90.3 1 0
course-go-avito-Orurh/internal/service/delivery/usecase.go:92.2,100.20 2 0
course-go-avito-Orurh/internal/service/delivery/usecase.go:104.96,106.16 2 0
course-go-avito-Orurh/internal/service/delivery/usecase.go:106.16,108.3 1 0
course-go-avito-Orurh/internal/service/delivery/usecase.go:110.2,115.55 4 0
course-go-avito-Orurh/internal/service/delivery/usecase.go:115.55,117.17 2 0
course-go-avito-Orurh/internal/service/delivery/usecase.go:117.17,119.4 1 0
course-go-avito-Orurh/internal/service/delivery/usecase.go:120.3,120.15 1 0
course-go-avito-Orurh/internal/service/delivery/usecase.go:120.15,122.4 1 0
course-go-avito-Orurh/internal/service/delivery/usecase.go:124.3,124.58 1 0
course-go-avito-Orurh/internal/service/delivery/usecase.go:124.58,126.4 1 0
course-go-avito-Orurh/internal/service/delivery/usecase.go:128.3,128.90 1 0
course-go-avito-Orurh/internal/service/delivery/usecase.go:128.90,130.4 1 0
course-go-avito-Orurh/internal/service/delivery/usecase.go:132.3,138.13 2 0
course-go-avito-Orurh/internal/service/delivery/usecase.go:140.2,140.16 1 0
course-go-avito-Orurh/internal/service/delivery/usecase.go:140.16,142.3 1 0
course-go-avito-Orurh/internal/service/delivery/usecase.go:144.2,144.20 1 0
course-go-avito-Orurh/internal/service/delivery/usecase.go:147.50,149.19 2 0
course-go-avito-Orurh/internal/service/delivery/usecase.go:149.19,151.3 1 0
course-go-avito-Orurh/internal/service/delivery/usecase.go:152.2,152.21 1 0
course-go-avito-Orurh/internal/service/delivery/usecase.go:156.61,163.2 5 0
course-go-avito-Orurh/internal/service/orders/factory.go:14.85,29.2 1 0
course-go-avito-Orurh/internal/service/orders/factory.go:31.63,35.2 3 0
course-go-avito-Orurh/internal/service/orders/processor.go:21.79,23.2 1 0
course-go-avito-Orurh/internal/service/orders/processor.go:30.97,32.2 1 0
course-go-avito-Orurh/internal/service/orders/processor.go:35.92,37.2 1 0
course-go-avito-Orurh/internal/service/orders/processor.go:39.71,46.2 3 0
course-go-avito-Orurh/internal/service/orders/processor.go:49.64,50.22 1 0
course-go-avito-Orurh/internal/service/orders/processor.go:50.22,52.3 1 0
course-go-avito-Orurh/internal/service/orders/processor.go:53.2,54.9 2 0
course-go-avito-Orurh/internal/service/orders/processor.go:54.9,56.3 1 0
course-go-avito-Orurh/internal/service/orders/processor.go:57.2,57.19 1 0
course-go-avito-Orurh/internal/service/orders/processor.go:60.67,62.40 2 0
course-go-avito-Orurh/internal/service/orders/processor.go:62.40,64.3 1 0
course-go-avito-Orurh/internal/service/orders/processor.go:65.2,65.12 1 0
course-go-avito-Orurh/internal/service/orders/processor.go:68.68,70.40 2 0
course-go-avito-Orurh/internal/service/orders/processor.go:70.40,72.3 1 0
course-go-avito-Orurh/internal/service/orders/processor.go:73.2,73.12 1 0
course-go-avito-Orurh/internal/service/orders/processor.go:76.69,77.65 1 0
course-go-avito-Orurh/internal/service/orders/processor.go:77.65,79.17 2 0
course-go-avito-Orurh/internal/service/orders/processor.go:79.17,81.4 1 0
course-go-avito-Orurh/internal/service/orders/processor.go:82.3,82.15 1 0
course-go-avito-Orurh/internal/service/orders/processor.go:82.15,84.4 1 0
course-go-avito-Orurh/internal/service/orders/processor.go:85.3,85.74 1 0
course-go-avito-Orurh/internal/testutil/testlog.go:20.22,20.44 1 0
course-go-avito-Orurh/internal/testutil/testlog.go:22.41,24.2 1 0
course-go-avito-Orurh/internal/testutil/testlog.go:26.38,32.2 5 0
course-go-avito-Orurh/internal/testutil/testlog.go:34.64,39.2 4 0
course-go-avito-Orurh/internal/testutil/testlog.go:46.51,48.2 1 0
course-go-avito-Orurh/internal/testutil/testlog.go:50.50,52.2 1 0
course-go-avito-Orurh/internal/testutil/testlog.go:54.50,56.2 1 0
course-go-avito-Orurh/internal/testutil/testlog.go:58.51,60.2 1 0
course-go-avito-Orurh/internal/testutil/testlog.go:62.50,66.2 3 0
course-go-avito-Orurh/internal/testutil/testlog.go:68.29,68.43 1 0
course-go-avito-Orurh/internal/transport/kafka/consumer.go:29.112,31.93 1 0
course-go-avito-Orurh/internal/transport/kafka/consumer.go:31.93,33.3 1 0
course-go-avito-Orurh/internal/transport/kafka/consumer.go:35.2,39.16 4 0
course-go-avito-Orurh/internal/transport/kafka/consumer.go:39.16,41.3 1 0
course-go-avito-Orurh/internal/transport/kafka/consumer.go:43.2,48.8 1 0
course-go-avito-Orurh/internal/transport/kafka/consumer.go:52.51,53.14 1 0
course-go-avito-Orurh/internal/transport/kafka/consumer.go:53.14,55.3 1 0
course-go-avito-Orurh/internal/transport/kafka/consumer.go:57.2,57.12 1 0
course-go-avito-Orurh/internal/transport/kafka/consumer.go:57.12,58.7 1 0
course-go-avito-Orurh/internal/transport/kafka/consumer.go:58.7,59.11 1 0
course-go-avito-Orurh/internal/transport/kafka/consumer.go:60.22,61.11 1 0
course-go-avito-Orurh/internal/transport/kafka/consumer.go:62.39,63.12 1 0
course-go-avito-Orurh/internal/transport/kafka/consumer.go:63.12,65.6 1 0
course-go-avito-Orurh/internal/transport/kafka/consumer.go:66.5,66.71 1 0
course-go-avito-Orurh/internal/transport/kafka/consumer.go:71.2,73.6 2 0
course-go-avito-Orurh/internal/transport/kafka/consumer.go:73.6,74.68 1 0
course-go-avito-Orurh/internal/transport/kafka/consumer.go:74.68,75.24 1 0
course-go-avito-Orurh/internal/transport/kafka/consumer.go:75.24,77.5 1 0
course-go-avito-Orurh/internal/transport/kafka/consumer.go:78.4,79.11 2 0
course-go-avito-Orurh/internal/transport/kafka/consumer.go:80.22,81.21 1 0
course-go-avito-Orurh/internal/transport/kafka/consumer.go:82.35,82.35 0 0
course-go-avito-Orurh/internal/transport/kafka/consumer.go:84.4,84.12 1 0
course-go-avito-Orurh/internal/transport/kafka/consumer.go:86.3,86.23 1 0
course-go-avito-Orurh/internal/transport/kafka/consumer.go:86.23,88.4 1 0
course-go-avito-Orurh/internal/transport/kafka/consumer.go:92.34,93.14 1 0
course-go-avito-Orurh/internal/transport/kafka/consumer.go:93.14,95.3 1 0
course-go-avito-Orurh/internal/transport/kafka/consumer.go:96.2,96.24 1 0
course-go-avito-Orurh/internal/transport/kafka/consumer.go:101.65,103.2 1 0
course-go-avito-Orurh/internal/transport/kafka/consumer.go:105.67,107.2 1 0
course-go-avito-Orurh/internal/transport/kafka/consumer.go:109.110,110.6 1 0
course-go-avito-Orurh/internal/transport/kafka/consumer.go:110.6,111.10 1 0
course-go-avito-Orurh/internal/transport/kafka/consumer.go:112.32,113.14 1 0
course-go-avito-Orurh/internal/transport/kafka/consumer.go:114.38,115.11 1 0
course-go-avito-Orurh/internal/transport/kafka/consumer.go:115.11,117.5 1 0
course-go-avito-Orurh/internal/transport/kafka/consumer.go:119.4,120.58 2 0
course-go-avito-Orurh/internal/transport/kafka/consumer.go:120.58,123.13 3 0
course-go-avito-Orurh/internal/transport/kafka/consumer.go:126.4,128.24 2 0
course-go-avito-Orurh/internal/transport/kafka/consumer.go:128.24,131.13 3 0
course-go-avito-Orurh/internal/transport/kafka/consumer.go:134.4,134.58 1 0
course-go-avito-Orurh/internal/transport/kafka/consumer.go:134.58,141.13 3 0
course-go-avito-Orurh/internal/transport/kafka/consumer.go:143.4,143.29 1 0
course-go-avito-Orurh/internal/transport/kafka/dto.go:18.42,24.2 1 0
